{"meta": {"format": 3, "version": "7.16.0", "timestamp": "2026-09-17T11:10:56.699676", "branch_coverage": false, "show_contexts": false}, "files": {"src\\bridge\\__init__.py": {"executed_lines": [2, 5, 9], "summary": {"covered_lines": 3, "num_statements": 4, "percent_covered": 75.0, "percent_covered_display": "75", "missing_lines": 1, "excluded_lines": 0, "percent_statements_covered": 75.0, "percent_statements_covered_display": "75"}, "missing_lines": [6], "excluded_lines": [], "functions": {"resources_dir": {"executed_lines": [], "summary": {"covered_lines": 0, "num_statements": 1, "percent_covered": 0.0, "percent_covered_display": "0", "missing_lines": 1, "excluded_lines": 0, "percent_statements_covered": 0.0, "percent_statements_covered_display": "0"}, "missing_lines": [6], "excluded_lines": [], "start_line": 5}, "": {"executed_lines": [2, 5, 9], "summary": {"covered_lines": 3, "num_statements": 3, "percent_covered": 100.0, "percent_covered_display": "100", "missing_lines": 0, "excluded_lines": 0, "percent_statements_covered": 100.0, "percent_statements_covered_display": "100"}, "missing_lines": [], "excluded_lines": [], "start_line": 1}}, "classes": {"": {"executed_lines": [2, 5, 9], "summary": {"covered_lines": 3, "num_statements": 4, "percent_covered": 75.0, "percent_covered_display": "75", "missing_lines": 1, "excluded_lines": 0, "percent_statements_covered": 75.0, "percent_statements_covered_display": "75"}, "missing_lines": [6], "excluded_lines": [], "start_line": 1}}}, "src\\bridge\\resources\\__init__.py": {"executed_lines": [], "summary": {"covered_lines": 0, "num_statements": 0, "percent_covered": 100.0, "percent_covered_display": "100", "missing_lines": 0, "excluded_lines": 0, "percent_statements_covered": 100.0, "percent_statements_covered_display": "100"}, "missing_lines": [], "excluded_lines": [], "functions": {"": {"executed_lines": [], "summary": {"covered_lines": 0, "num_statements": 0, "percent_covered": 100.0, "percent_covered_display": "100", "missing_lines": 0, "excluded_lines": 0, "percent_statements_covered": 100.0, "percent_statements_covered_display": "100"}, "missing_lines": [], "excluded_lines": [], "start_line": 1}}, "classes": {"": {"executed_lines": [], "summary": {"covered_lines": 0, "num_statements": 0, "percent_covered": 100.0, "percent_covered_display": "100", "missing_lines": 0, "excluded_lines": 0, "percent_statements_covered": 100.0, "percent_statements_covered_display": "100"}, "missing_lines": [], "excluded_lines": [], "start_line": 1}}}, "src\\bridge\\resources\\ramic_bridge_daemon_27.py": {"executed_lines": [9, 11, 12, 13, 14, 15, 16, 17, 18, 19, 20, 22, 23, 24, 25, 27, 28, 29, 31, 32, 33, 34, 35, 38, 40, 41, 42, 43, 47, 48, 50, 51, 53, 58, 59, 60, 61, 64, 66, 67, 68, 69, 70, 71, 72, 77, 78, 79, 84, 85, 86, 89, 90, 95, 97, 98, 99, 106, 107, 108, 109, 110, 111, 112, 113, 114, 115, 127, 128, 129, 130, 131, 132, 133, 134, 135, 136, 137, 138, 140, 141, 142, 143, 146, 147, 148, 149, 150, 151, 152, 153, 154, 155, 159, 162, 163, 164, 165, 166, 167, 170, 171, 173, 174, 175, 176, 177, 178, 179, 183, 184, 187, 188, 189, 190, 191, 192, 193, 194, 195, 196, 197, 198, 199, 200, 201, 202, 205, 220, 221, 222, 223, 224, 225, 226, 227, 228, 229, 231, 232, 234, 235, 236, 237, 240, 244, 247, 249, 251, 253, 254, 255, 256, 257, 258, 259, 260, 261, 263, 264, 265, 267, 268, 269, 271, 272, 275, 276, 280, 283, 285, 286, 287, 288, 289, 293, 294, 295, 296, 297, 298, 299, 301, 303, 304, 306, 307, 308, 310, 312, 313, 314, 316, 317, 318, 319, 321, 322, 323, 325, 326, 327, 328, 329, 331, 332, 334, 335, 336, 337, 338, 340, 341, 342, 343, 345, 346, 347, 348, 355, 356, 357, 358, 359, 360, 363, 366, 368, 369, 370, 371, 372, 373, 378, 379, 380, 381, 387, 388, 389, 392, 393, 394, 395, 396, 397, 399, 405, 406, 407, 410, 411, 412, 413, 414, 415, 421], "summary": {"covered_lines": 257, "num_statements": 327, "percent_covered": 78.59327217125383, "percent_covered_display": "79", "missing_lines": 70, "excluded_lines": 0, "percent_statements_covered": 78.59327217125383, "percent_statements_covered_display": "79"}, "missing_lines": [44, 45, 46, 54, 55, 56, 73, 74, 80, 81, 87, 88, 91, 92, 100, 101, 102, 103, 116, 117, 118, 119, 120, 121, 122, 139, 156, 157, 158, 172, 180, 233, 238, 239, 273, 274, 277, 278, 279, 281, 282, 290, 291, 349, 350, 351, 352, 353, 361, 362, 375, 376, 382, 383, 384, 385, 386, 390, 391, 400, 401, 402, 403, 404, 408, 409, 416, 417, 418, 422], "excluded_lines": [], "functions": {"_B": {"executed_lines": [40], "summary": {"covered_lines": 1, "num_statements": 1, "percent_covered": 100.0, "percent_covered_display": "100", "missing_lines": 0, "excluded_lines": 0, "percent_statements_covered": 100.0, "percent_statements_covered_display": "100"}, "missing_lines": [], "excluded_lines": [], "start_line": 38}, "_emit_stat": {"executed_lines": [66, 67, 68, 69, 70, 71, 72], "summary": {"covered_lines": 7, "num_statements": 9, "percent_covered": 77.77777777777777, "percent_covered_display": "78", "missing_lines": 2, "excluded_lines": 0, "percent_statements_covered": 77.77777777777777, "percent_statements_covered_display": "78"}, "missing_lines": [73, 74], "excluded_lines": [], "start_line": 64}, "_safe_sendall": {"executed_lines": [78, 79], "summary": {"covered_lines": 2, "num_statements": 4, "percent_covered": 50.0, "percent_covered_display": "50", "missing_lines": 2, "excluded_lines": 0, "percent_statements_covered": 50.0, "percent_statements_covered_display": "50"}, "missing_lines": [80, 81], "excluded_lines": [], "start_line": 77}, "_safe_close": {"executed_lines": [85, 86, 89, 90], "summary": {"covered_lines": 4, "num_statements": 8, "percent_covered": 50.0, "percent_covered_display": "50", "missing_lines": 4, "excluded_lines": 0, "percent_statements_covered": 50.0, "percent_statements_covered_display": "50"}, "missing_lines": [87, 88, 91, 92], "excluded_lines": [], "start_line": 84}, "_watchdog_cb": {"executed_lines": [97, 98, 99], "summary": {"covered_lines": 3, "num_statements": 7, "percent_covered": 42.857142857142854, "percent_covered_display": "43", "missing_lines": 4, "excluded_lines": 0, "percent_statements_covered": 42.857142857142854, "percent_statements_covered_display": "43"}, "missing_lines": [100, 101, 102, 103], "excluded_lines": [], "start_line": 95}, "_read_byte": {"executed_lines": [107, 108, 109, 110, 111, 112, 113, 114, 115], "summary": {"covered_lines": 9, "num_statements": 16, "percent_covered": 56.25, "percent_covered_display": "56", "missing_lines": 7, "excluded_lines": 0, "percent_statements_covered": 56.25, "percent_statements_covered_display": "56"}, "missing_lines": [116, 117, 118, 119, 120, 121, 122], "excluded_lines": [], "start_line": 106}, "_read_frame": {"executed_lines": [128, 129, 130, 131, 132, 133, 134, 135, 136, 137, 138, 140, 141, 142, 143], "summary": {"covered_lines": 15, "num_statements": 16, "percent_covered": 93.75, "percent_covered_display": "94", "missing_lines": 1, "excluded_lines": 0, "percent_statements_covered": 93.75, "percent_statements_covered_display": "94"}, "missing_lines": [139], "excluded_lines": [], "start_line": 127}, "_parse_meta": {"executed_lines": [147, 148, 149, 150, 151, 152, 153, 154, 155, 159], "summary": {"covered_lines": 10, "num_statements": 13, "percent_covered": 76.92307692307692, "percent_covered_display": "77", "missing_lines": 3, "excluded_lines": 0, "percent_statements_covered": 76.92307692307692, "percent_statements_covered_display": "77"}, "missing_lines": [156, 157, 158], "excluded_lines": [], "start_line": 146}, "classify_level": {"executed_lines": [163, 164, 165, 166, 167], "summary": {"covered_lines": 5, "num_statements": 5, "percent_covered": 100.0, "percent_covered_display": "100", "missing_lines": 0, "excluded_lines": 0, "percent_statements_covered": 100.0, "percent_statements_covered_display": "100"}, "missing_lines": [], "excluded_lines": [], "start_line": 162}, "_keep": {"executed_lines": [171, 173, 174, 175, 176, 177, 178, 179], "summary": {"covered_lines": 8, "num_statements": 10, "percent_covered": 80.0, "percent_covered_display": "80", "missing_lines": 2, "excluded_lines": 0, "percent_statements_covered": 80.0, "percent_statements_covered_display": "80"}, "missing_lines": [172, 180], "excluded_lines": [], "start_line": 170}, "filter_delta": {"executed_lines": [188, 189, 190, 191, 192, 193, 194, 195, 196, 197, 198, 199, 200, 201, 202], "summary": {"covered_lines": 15, "num_statements": 15, "percent_covered": 100.0, "percent_covered_display": "100", "missing_lines": 0, "excluded_lines": 0, "percent_statements_covered": 100.0, "percent_statements_covered_display": "100"}, "missing_lines": [], "excluded_lines": [], "start_line": 187}, "LocalFileRangeReader.read": {"executed_lines": [221, 222, 223, 224, 225, 226, 227, 228, 229, 231, 232, 234, 235, 236, 237, 240], "summary": {"covered_lines": 16, "num_statements": 19, "percent_covered": 84.21052631578948, "percent_covered_display": "84", "missing_lines": 3, "excluded_lines": 0, "percent_statements_covered": 84.21052631578948, "percent_statements_covered_display": "84"}, "missing_lines": [233, 238, 239], "excluded_lines": [], "start_line": 220}, "_read_range": {"executed_lines": [249], "summary": {"covered_lines": 1, "num_statements": 1, "percent_covered": 100.0, "percent_covered_display": "100", "missing_lines": 0, "excluded_lines": 0, "percent_statements_covered": 100.0, "percent_statements_covered_display": "100"}, "missing_lines": [], "excluded_lines": [], "start_line": 247}, "handle_connection": {"executed_lines": [253, 254, 255, 256, 257, 258, 259, 260, 261, 263, 264, 265, 267, 268, 269, 271, 272, 275, 276, 280, 283, 285, 286, 287, 288, 289, 293, 294, 295, 296, 297, 298, 299, 301, 303, 304, 306, 307, 308, 310, 312, 313, 314, 316, 317, 318, 319, 321, 322, 323, 325, 326, 327, 328, 329, 331, 332, 334, 335, 336, 337, 338, 340, 341, 342, 343, 345, 346, 347, 348, 355, 356, 357, 358, 359, 360, 363], "summary": {"covered_lines": 77, "num_statements": 93, "percent_covered": 82.79569892473118, "percent_covered_display": "83", "missing_lines": 16, "excluded_lines": 0, "percent_statements_covered": 82.79569892473118, "percent_statements_covered_display": "83"}, "missing_lines": [273, 274, 277, 278, 279, 281, 282, 290, 291, 349, 350, 351, 352, 353, 361, 362], "excluded_lines": [], "start_line": 251}, "start_server": {"executed_lines": [368, 369, 370, 371, 372, 373, 378, 379, 380, 381, 387, 388, 389, 392, 393, 394, 395, 396, 397, 399, 405, 406, 407, 410, 411, 412, 413, 414, 415], "summary": {"covered_lines": 29, "num_statements": 48, "percent_covered": 60.416666666666664, "percent_covered_display": "60", "missing_lines": 19, "excluded_lines": 0, "percent_statements_covered": 60.416666666666664, "percent_statements_covered_display": "60"}, "missing_lines": [375, 376, 382, 383, 384, 385, 386, 390, 391, 400, 401, 402, 403, 404, 408, 409, 416, 417, 418], "excluded_lines": [], "start_line": 366}, "": {"executed_lines": [9, 11, 12, 13, 14, 15, 16, 17, 18, 19, 20, 22, 23, 24, 25, 27, 28, 29, 31, 32, 33, 34, 35, 38, 41, 42, 43, 47, 48, 50, 51, 53, 58, 59, 60, 61, 64, 77, 84, 95, 106, 127, 146, 162, 170, 183, 184, 187, 205, 220, 244, 247, 251, 366, 421], "summary": {"covered_lines": 55, "num_statements": 62, "percent_covered": 88.70967741935483, "percent_covered_display": "89", "missing_lines": 7, "excluded_lines": 0, "percent_statements_covered": 88.70967741935483, "percent_statements_covered_display": "89"}, "missing_lines": [44, 45, 46, 54, 55, 56, 422], "excluded_lines": [], "start_line": 1}}, "classes": {"LocalFileRangeReader": {"executed_lines": [221, 222, 223, 224, 225, 226, 227, 228, 229, 231, 232, 234, 235, 236, 237, 240], "summary": {"covered_lines": 16, "num_statements": 19, "percent_covered": 84.21052631578948, "percent_covered_display": "84", "missing_lines": 3, "excluded_lines": 0, "percent_statements_covered": 84.21052631578948, "percent_statements_covered_display": "84"}, "missing_lines": [233, 238, 239], "excluded_lines": [], "start_line": 205}, "": {"executed_lines": [9, 11, 12, 13, 14, 15, 16, 17, 18, 19, 20, 22, 23, 24, 25, 27, 28, 29, 31, 32, 33, 34, 35, 38, 40, 41, 42, 43, 47, 48, 50, 51, 53, 58, 59, 60, 61, 64, 66, 67, 68, 69, 70, 71, 72, 77, 78, 79, 84, 85, 86, 89, 90, 95, 97, 98, 99, 106, 107, 108, 109, 110, 111, 112, 113, 114, 115, 127, 128, 129, 130, 131, 132, 133, 134, 135, 136, 137, 138, 140, 141, 142, 143, 146, 147, 148, 149, 150, 151, 152, 153, 154, 155, 159, 162, 163, 164, 165, 166, 167, 170, 171, 173, 174, 175, 176, 177, 178, 179, 183, 184, 187, 188, 189, 190, 191, 192, 193, 194, 195, 196, 197, 198, 199, 200, 201, 202, 205, 220, 244, 247, 249, 251, 253, 254, 255, 256, 257, 258, 259, 260, 261, 263, 264, 265, 267, 268, 269, 271, 272, 275, 276, 280, 283, 285, 286, 287, 288, 289, 293, 294, 295, 296, 297, 298, 299, 301, 303, 304, 306, 307, 308, 310, 312, 313, 314, 316, 317, 318, 319, 321, 322, 323, 325, 326, 327, 328, 329, 331, 332, 334, 335, 336, 337, 338, 340, 341, 342, 343, 345, 346, 347, 348, 355, 356, 357, 358, 359, 360, 363, 366, 368, 369, 370, 371, 372, 373, 378, 379, 380, 381, 387, 388, 389, 392, 393, 394, 395, 396, 397, 399, 405, 406, 407, 410, 411, 412, 413, 414, 415, 421], "summary": {"covered_lines": 241, "num_statements": 308, "percent_covered": 78.24675324675324, "percent_covered_display": "78", "missing_lines": 67, "excluded_lines": 0, "percent_statements_covered": 78.24675324675324, "percent_statements_covered_display": "78"}, "missing_lines": [44, 45, 46, 54, 55, 56, 73, 74, 80, 81, 87, 88, 91, 92, 100, 101, 102, 103, 116, 117, 118, 119, 120, 121, 122, 139, 156, 157, 158, 172, 180, 273, 274, 277, 278, 279, 281, 282, 290, 291, 349, 350, 351, 352, 353, 361, 362, 375, 376, 382, 383, 384, 385, 386, 390, 391, 400, 401, 402, 403, 404, 408, 409, 416, 417, 418, 422], "excluded_lines": [], "start_line": 1}}}, "src\\bridge\\resources\\ramic_bridge_daemon_3.py": {"executed_lines": [13, 14, 15, 16, 17, 18, 19, 20, 21, 22, 24, 25, 26, 27, 29, 30, 31, 33, 34, 35, 36, 38, 39, 40, 44, 45, 47, 48, 50, 55, 56, 57, 58, 61, 63, 64, 65, 66, 67, 68, 71, 72, 73, 76, 77, 78, 83, 84, 85, 88, 89, 94, 96, 97, 98, 105, 107, 108, 109, 110, 111, 112, 113, 114, 115, 116, 117, 118, 126, 128, 129, 130, 131, 136, 137, 138, 146, 148, 151, 153, 154, 155, 156, 157, 158, 159, 160, 161, 165, 168, 169, 170, 171, 172, 173, 176, 177, 178, 179, 180, 181, 182, 183, 184, 185, 189, 190, 193, 197, 198, 199, 200, 201, 202, 203, 204, 205, 206, 207, 208, 209, 210, 211, 214, 229, 230, 231, 232, 233, 234, 235, 236, 237, 238, 240, 241, 243, 244, 245, 246, 249, 253, 256, 258, 260, 262, 263, 264, 265, 266, 267, 268, 269, 270, 272, 273, 274, 276, 277, 278, 280, 281, 282, 283, 284, 285, 289, 290, 291, 292, 294, 295, 296, 297, 298, 302, 303, 304, 305, 306, 307, 308, 310, 312, 313, 315, 316, 317, 319, 321, 322, 323, 325, 326, 327, 328, 330, 331, 332, 334, 335, 336, 337, 338, 340, 341, 343, 344, 345, 346, 347, 349, 350, 351, 352, 354, 355, 356, 357, 364, 365, 366, 367, 368, 369, 372, 375, 377, 378, 379, 380, 381, 382, 386, 387, 388, 389, 395, 396, 397, 400, 401, 402, 403, 404, 405, 407, 413, 414, 415, 418, 422, 423, 424, 425, 426, 432], "summary": {"covered_lines": 257, "num_statements": 332, "percent_covered": 77.40963855421687, "percent_covered_display": "77", "missing_lines": 75, "excluded_lines": 0, "percent_statements_covered": 77.40963855421687, "percent_statements_covered_display": "77"}, "missing_lines": [41, 42, 43, 51, 52, 53, 79, 80, 86, 87, 90, 91, 99, 100, 101, 102, 119, 120, 121, 122, 123, 124, 125, 127, 132, 133, 134, 135, 139, 140, 141, 142, 143, 144, 145, 147, 162, 163, 164, 186, 242, 247, 248, 286, 287, 288, 299, 300, 358, 359, 360, 361, 362, 370, 371, 384, 385, 390, 391, 392, 393, 394, 398, 399, 408, 409, 410, 411, 412, 416, 417, 427, 428, 429, 433], "excluded_lines": [], "functions": {"_emit_stat": {"executed_lines": [63, 64, 65, 66, 67, 68, 71, 72, 73], "summary": {"covered_lines": 9, "num_statements": 9, "percent_covered": 100.0, "percent_covered_display": "100", "missing_lines": 0, "excluded_lines": 0, "percent_statements_covered": 100.0, "percent_statements_covered_display": "100"}, "missing_lines": [], "excluded_lines": [], "start_line": 61}, "_safe_sendall": {"executed_lines": [77, 78], "summary": {"covered_lines": 2, "num_statements": 4, "percent_covered": 50.0, "percent_covered_display": "50", "missing_lines": 2, "excluded_lines": 0, "percent_statements_covered": 50.0, "percent_statements_covered_display": "50"}, "missing_lines": [79, 80], "excluded_lines": [], "start_line": 76}, "_safe_close": {"executed_lines": [84, 85, 88, 89], "summary": {"covered_lines": 4, "num_statements": 8, "percent_covered": 50.0, "percent_covered_display": "50", "missing_lines": 4, "excluded_lines": 0, "percent_statements_covered": 50.0, "percent_statements_covered_display": "50"}, "missing_lines": [86, 87, 90, 91], "excluded_lines": [], "start_line": 83}, "_watchdog_cb": {"executed_lines": [96, 97, 98], "summary": {"covered_lines": 3, "num_statements": 7, "percent_covered": 42.857142857142854, "percent_covered_display": "43", "missing_lines": 4, "excluded_lines": 0, "percent_statements_covered": 42.857142857142854, "percent_statements_covered_display": "43"}, "missing_lines": [99, 100, 101, 102], "excluded_lines": [], "start_line": 94}, "_read_frame": {"executed_lines": [107, 108, 109, 110, 111, 112, 113, 114, 115, 116, 117, 118, 126, 128, 129, 130, 131, 136, 137, 138, 146, 148], "summary": {"covered_lines": 22, "num_statements": 42, "percent_covered": 52.38095238095238, "percent_covered_display": "52", "missing_lines": 20, "excluded_lines": 0, "percent_statements_covered": 52.38095238095238, "percent_statements_covered_display": "52"}, "missing_lines": [119, 120, 121, 122, 123, 124, 125, 127, 132, 133, 134, 135, 139, 140, 141, 142, 143, 144, 145, 147], "excluded_lines": [], "start_line": 105}, "_parse_meta": {"executed_lines": [153, 154, 155, 156, 157, 158, 159, 160, 161, 165], "summary": {"covered_lines": 10, "num_statements": 13, "percent_covered": 76.92307692307692, "percent_covered_display": "77", "missing_lines": 3, "excluded_lines": 0, "percent_statements_covered": 76.92307692307692, "percent_statements_covered_display": "77"}, "missing_lines": [162, 163, 164], "excluded_lines": [], "start_line": 151}, "classify_level": {"executed_lines": [169, 170, 171, 172, 173], "summary": {"covered_lines": 5, "num_statements": 5, "percent_covered": 100.0, "percent_covered_display": "100", "missing_lines": 0, "excluded_lines": 0, "percent_statements_covered": 100.0, "percent_statements_covered_display": "100"}, "missing_lines": [], "excluded_lines": [], "start_line": 168}, "_keep": {"executed_lines": [177, 178, 179, 180, 181, 182, 183, 184, 185], "summary": {"covered_lines": 9, "num_statements": 10, "percent_covered": 90.0, "percent_covered_display": "90", "missing_lines": 1, "excluded_lines": 0, "percent_statements_covered": 90.0, "percent_statements_covered_display": "90"}, "missing_lines": [186], "excluded_lines": [], "start_line": 176}, "filter_delta": {"executed_lines": [197, 198, 199, 200, 201, 202, 203, 204, 205, 206, 207, 208, 209, 210, 211], "summary": {"covered_lines": 15, "num_statements": 15, "percent_covered": 100.0, "percent_covered_display": "100", "missing_lines": 0, "excluded_lines": 0, "percent_statements_covered": 100.0, "percent_statements_covered_display": "100"}, "missing_lines": [], "excluded_lines": [], "start_line": 193}, "LocalFileRangeReader.read": {"executed_lines": [230, 231, 232, 233, 234, 235, 236, 237, 238, 240, 241, 243, 244, 245, 246, 249], "summary": {"covered_lines": 16, "num_statements": 19, "percent_covered": 84.21052631578948, "percent_covered_display": "84", "missing_lines": 3, "excluded_lines": 0, "percent_statements_covered": 84.21052631578948, "percent_statements_covered_display": "84"}, "missing_lines": [242, 247, 248], "excluded_lines": [], "start_line": 229}, "_read_range": {"executed_lines": [258], "summary": {"covered_lines": 1, "num_statements": 1, "percent_covered": 100.0, "percent_covered_display": "100", "missing_lines": 0, "excluded_lines": 0, "percent_statements_covered": 100.0, "percent_statements_covered_display": "100"}, "missing_lines": [], "excluded_lines": [], "start_line": 256}, "handle_connection": {"executed_lines": [262, 263, 264, 265, 266, 267, 268, 269, 270, 272, 273, 274, 276, 277, 278, 280, 281, 282, 283, 284, 285, 289, 290, 291, 292, 294, 295, 296, 297, 298, 302, 303, 304, 305, 306, 307, 308, 310, 312, 313, 315, 316, 317, 319, 321, 322, 323, 325, 326, 327, 328, 330, 331, 332, 334, 335, 336, 337, 338, 340, 341, 343, 344, 345, 346, 347, 349, 350, 351, 352, 354, 355, 356, 357, 364, 365, 366, 367, 368, 369, 372], "summary": {"covered_lines": 81, "num_statements": 93, "percent_covered": 87.09677419354838, "percent_covered_display": "87", "missing_lines": 12, "excluded_lines": 0, "percent_statements_covered": 87.09677419354838, "percent_statements_covered_display": "87"}, "missing_lines": [286, 287, 288, 299, 300, 358, 359, 360, 361, 362, 370, 371], "excluded_lines": [], "start_line": 260}, "start_server": {"executed_lines": [377, 378, 379, 380, 381, 382, 386, 387, 388, 389, 395, 396, 397, 400, 401, 402, 403, 404, 405, 407, 413, 414, 415, 418, 422, 423, 424, 425, 426], "summary": {"covered_lines": 29, "num_statements": 48, "percent_covered": 60.416666666666664, "percent_covered_display": "60", "missing_lines": 19, "excluded_lines": 0, "percent_statements_covered": 60.416666666666664, "percent_statements_covered_display": "60"}, "missing_lines": [384, 385, 390, 391, 392, 393, 394, 398, 399, 408, 409, 410, 411, 412, 416, 417, 427, 428, 429], "excluded_lines": [], "start_line": 375}, "": {"executed_lines": [13, 14, 15, 16, 17, 18, 19, 20, 21, 22, 24, 25, 26, 27, 29, 30, 31, 33, 34, 35, 36, 38, 39, 40, 44, 45, 47, 48, 50, 55, 56, 57, 58, 61, 76, 83, 94, 105, 151, 168, 176, 189, 190, 193, 214, 229, 253, 256, 260, 375, 432], "summary": {"covered_lines": 51, "num_statements": 58, "percent_covered": 87.93103448275862, "percent_covered_display": "88", "missing_lines": 7, "excluded_lines": 0, "percent_statements_covered": 87.93103448275862, "percent_statements_covered_display": "88"}, "missing_lines": [41, 42, 43, 51, 52, 53, 433], "excluded_lines": [], "start_line": 1}}, "classes": {"LocalFileRangeReader": {"executed_lines": [230, 231, 232, 233, 234, 235, 236, 237, 238, 240, 241, 243, 244, 245, 246, 249], "summary": {"covered_lines": 16, "num_statements": 19, "percent_covered": 84.21052631578948, "percent_covered_display": "84", "missing_lines": 3, "excluded_lines": 0, "percent_statements_covered": 84.21052631578948, "percent_statements_covered_display": "84"}, "missing_lines": [242, 247, 248], "excluded_lines": [], "start_line": 214}, "": {"executed_lines": [13, 14, 15, 16, 17, 18, 19, 20, 21, 22, 24, 25, 26, 27, 29, 30, 31, 33, 34, 35, 36, 38, 39, 40, 44, 45, 47, 48, 50, 55, 56, 57, 58, 61, 63, 64, 65, 66, 67, 68, 71, 72, 73, 76, 77, 78, 83, 84, 85, 88, 89, 94, 96, 97, 98, 105, 107, 108, 109, 110, 111, 112, 113, 114, 115, 116, 117, 118, 126, 128, 129, 130, 131, 136, 137, 138, 146, 148, 151, 153, 154, 155, 156, 157, 158, 159, 160, 161, 165, 168, 169, 170, 171, 172, 173, 176, 177, 178, 179, 180, 181, 182, 183, 184, 185, 189, 190, 193, 197, 198, 199, 200, 201, 202, 203, 204, 205, 206, 207, 208, 209, 210, 211, 214, 229, 253, 256, 258, 260, 262, 263, 264, 265, 266, 267, 268, 269, 270, 272, 273, 274, 276, 277, 278, 280, 281, 282, 283, 284, 285, 289, 290, 291, 292, 294, 295, 296, 297, 298, 302, 303, 304, 305, 306, 307, 308, 310, 312, 313, 315, 316, 317, 319, 321, 322, 323, 325, 326, 327, 328, 330, 331, 332, 334, 335, 336, 337, 338, 340, 341, 343, 344, 345, 346, 347, 349, 350, 351, 352, 354, 355, 356, 357, 364, 365, 366, 367, 368, 369, 372, 375, 377, 378, 379, 380, 381, 382, 386, 387, 388, 389, 395, 396, 397, 400, 401, 402, 403, 404, 405, 407, 413, 414, 415, 418, 422, 423, 424, 425, 426, 432], "summary": {"covered_lines": 241, "num_statements": 313, "percent_covered": 76.99680511182109, "percent_covered_display": "77", "missing_lines": 72, "excluded_lines": 0, "percent_statements_covered": 76.99680511182109, "percent_statements_covered_display": "77"}, "missing_lines": [41, 42, 43, 51, 52, 53, 79, 80, 86, 87, 90, 91, 99, 100, 101, 102, 119, 120, 121, 122, 123, 124, 125, 127, 132, 133, 134, 135, 139, 140, 141, 142, 143, 144, 145, 147, 162, 163, 164, 186, 286, 287, 288, 299, 300, 358, 359, 360, 361, 362, 370, 371, 384, 385, 390, 391, 392, 393, 394, 398, 399, 408, 409, 410, 411, 412, 416, 417, 427, 428, 429, 433], "excluded_lines": [], "start_line": 1}}}, "src\\pyapi\\__init__.py": {"executed_lines": [3, 12], "summary": {"covered_lines": 2, "num_statements": 2, "percent_covered": 100.0, "percent_covered_display": "100", "missing_lines": 0, "excluded_lines": 0, "percent_statements_covered": 100.0, "percent_statements_covered_display": "100"}, "missing_lines": [], "excluded_lines": [], "functions": {"": {"executed_lines": [3, 12], "summary": {"covered_lines": 2, "num_statements": 2, "percent_covered": 100.0, "percent_covered_display": "100", "missing_lines": 0, "excluded_lines": 0, "percent_statements_covered": 100.0, "percent_statements_covered_display": "100"}, "missing_lines": [], "excluded_lines": [], "start_line": 1}}, "classes": {"": {"executed_lines": [3, 12], "summary": {"covered_lines": 2, "num_statements": 2, "percent_covered": 100.0, "percent_covered_display": "100", "missing_lines": 0, "excluded_lines": 0, "percent_statements_covered": 100.0, "percent_statements_covered_display": "100"}, "missing_lines": [], "excluded_lines": [], "start_line": 1}}}, "src\\pyapi\\models.py": {"executed_lines": [7, 9, 10, 11, 12, 14, 17, 18, 19, 20, 21, 24, 31, 32, 33, 34, 35, 36, 37, 39, 40, 41, 43, 44, 45, 47, 48, 49, 50, 53, 61, 62, 63, 64, 67, 74, 75, 78, 85, 86, 87, 90, 91, 92, 93, 94, 95, 96, 98, 99, 102, 103, 104, 105, 108, 121, 159], "summary": {"covered_lines": 57, "num_statements": 58, "percent_covered": 98.27586206896552, "percent_covered_display": "98", "missing_lines": 1, "excluded_lines": 38, "percent_statements_covered": 98.27586206896552, "percent_statements_covered_display": "98"}, "missing_lines": [100], "excluded_lines": [111, 112, 113, 114, 115, 116, 117, 118, 119, 120, 129, 130, 131, 132, 133, 134, 135, 136, 137, 138, 139, 140, 141, 142, 143, 144, 145, 146, 147, 148, 149, 150, 151, 152, 153, 156, 157, 158], "functions": {"VirtuosoResult.ok": {"executed_lines": [41], "summary": {"covered_lines": 1, "num_statements": 1, "percent_covered": 100.0, "percent_covered_display": "100", "missing_lines": 0, "excluded_lines": 0, "percent_statements_covered": 100.0, "percent_statements_covered_display": "100"}, "missing_lines": [], "excluded_lines": [], "start_line": 40}, "VirtuosoResult.is_nil": {"executed_lines": [45], "summary": {"covered_lines": 1, "num_statements": 1, "percent_covered": 100.0, "percent_covered_display": "100", "missing_lines": 0, "excluded_lines": 0, "percent_statements_covered": 100.0, "percent_statements_covered_display": "100"}, "missing_lines": [], "excluded_lines": [], "start_line": 44}, "VirtuosoResult.save_json": {"executed_lines": [48, 49, 50], "summary": {"covered_lines": 3, "num_statements": 3, "percent_covered": 100.0, "percent_covered_display": "100", "missing_lines": 0, "excluded_lines": 0, "percent_statements_covered": 100.0, "percent_statements_covered_display": "100"}, "missing_lines": [], "excluded_lines": [], "start_line": 47}, "SimulationResult.ok": {"executed_lines": [], "summary": {"covered_lines": 0, "num_statements": 1, "percent_covered": 0.0, "percent_covered_display": "0", "missing_lines": 1, "excluded_lines": 0, "percent_statements_covered": 0.0, "percent_statements_covered_display": "0"}, "missing_lines": [100], "excluded_lines": [], "start_line": 99}, "SimulationResult.save_json": {"executed_lines": [103, 104, 105], "summary": {"covered_lines": 3, "num_statements": 3, "percent_covered": 100.0, "percent_covered_display": "100", "missing_lines": 0, "excluded_lines": 0, "percent_statements_covered": 100.0, "percent_statements_covered_display": "100"}, "missing_lines": [], "excluded_lines": [], "start_line": 102}, "VirtuosoInterface.ensure_ready": {"executed_lines": [], "summary": {"covered_lines": 0, "num_statements": 0, "percent_covered": 100.0, "percent_covered_display": "100", "missing_lines": 0, "excluded_lines": 1, "percent_statements_covered": 100.0, "percent_statements_covered_display": "100"}, "missing_lines": [], "excluded_lines": [112], "start_line": 112}, "VirtuosoInterface.execute_skill": {"executed_lines": [], "summary": {"covered_lines": 0, "num_statements": 0, "percent_covered": 100.0, "percent_covered_display": "100", "missing_lines": 0, "excluded_lines": 1, "percent_statements_covered": 100.0, "percent_statements_covered_display": "100"}, "missing_lines": [], "excluded_lines": [115], "start_line": 115}, "VirtuosoInterface.test_connection": {"executed_lines": [], "summary": {"covered_lines": 0, "num_statements": 0, "percent_covered": 100.0, "percent_covered_display": "100", "missing_lines": 0, "excluded_lines": 1, "percent_statements_covered": 100.0, "percent_statements_covered_display": "100"}, "missing_lines": [], "excluded_lines": [118], "start_line": 118}, "Middle.execute_skill": {"executed_lines": [], "summary": {"covered_lines": 0, "num_statements": 0, "percent_covered": 100.0, "percent_covered_display": "100", "missing_lines": 0, "excluded_lines": 1, "percent_statements_covered": 100.0, "percent_statements_covered_display": "100"}, "missing_lines": [], "excluded_lines": [131], "start_line": 129}, "Middle.run_command": {"executed_lines": [], "summary": {"covered_lines": 0, "num_statements": 0, "percent_covered": 100.0, "percent_covered_display": "100", "missing_lines": 0, "excluded_lines": 1, "percent_statements_covered": 100.0, "percent_statements_covered_display": "100"}, "missing_lines": [], "excluded_lines": [135], "start_line": 133}, "Middle.upload_file": {"executed_lines": [], "summary": {"covered_lines": 0, "num_statements": 0, "percent_covered": 100.0, "percent_covered_display": "100", "missing_lines": 0, "excluded_lines": 1, "percent_statements_covered": 100.0, "percent_statements_covered_display": "100"}, "missing_lines": [], "excluded_lines": [139], "start_line": 137}, "Middle.download_file": {"executed_lines": [], "summary": {"covered_lines": 0, "num_statements": 0, "percent_covered": 100.0, "percent_covered_display": "100", "missing_lines": 0, "excluded_lines": 1, "percent_statements_covered": 100.0, "percent_statements_covered_display": "100"}, "missing_lines": [], "excluded_lines": [143], "start_line": 141}, "Middle.run_gui_command": {"executed_lines": [], "summary": {"covered_lines": 0, "num_statements": 0, "percent_covered": 100.0, "percent_covered_display": "100", "missing_lines": 0, "excluded_lines": 1, "percent_statements_covered": 100.0, "percent_statements_covered_display": "100"}, "missing_lines": [], "excluded_lines": [147], "start_line": 145}, "Middle.run_spectre_command": {"executed_lines": [], "summary": {"covered_lines": 0, "num_statements": 0, "percent_covered": 100.0, "percent_covered_display": "100", "missing_lines": 0, "excluded_lines": 1, "percent_statements_covered": 100.0, "percent_statements_covered_display": "100"}, "missing_lines": [], "excluded_lines": [151], "start_line": 149}, "Middle.query": {"executed_lines": [], "summary": {"covered_lines": 0, "num_statements": 0, "percent_covered": 100.0, "percent_covered_display": "100", "missing_lines": 0, "excluded_lines": 1, "percent_statements_covered": 100.0, "percent_statements_covered_display": "100"}, "missing_lines": [], "excluded_lines": [156], "start_line": 156}, "": {"executed_lines": [7, 9, 10, 11, 12, 14, 17, 18, 19, 20, 21, 24, 31, 32, 33, 34, 35, 36, 37, 39, 40, 43, 44, 47, 53, 61, 62, 63, 64, 67, 74, 75, 78, 85, 86, 87, 90, 91, 92, 93, 94, 95, 96, 98, 99, 102, 108, 121, 159], "summary": {"covered_lines": 49, "num_statements": 49, "percent_covered": 100.0, "percent_covered_display": "100", "missing_lines": 0, "excluded_lines": 28, "percent_statements_covered": 100.0, "percent_statements_covered_display": "100"}, "missing_lines": [], "excluded_lines": [111, 113, 114, 116, 117, 119, 120, 129, 130, 132, 133, 134, 136, 137, 138, 140, 141, 142, 144, 145, 146, 148, 149, 150, 152, 153, 157, 158], "start_line": 1}}, "classes": {"ExecutionStatus": {"executed_lines": [], "summary": {"covered_lines": 0, "num_statements": 0, "percent_covered": 100.0, "percent_covered_display": "100", "missing_lines": 0, "excluded_lines": 0, "percent_statements_covered": 100.0, "percent_statements_covered_display": "100"}, "missing_lines": [], "excluded_lines": [], "start_line": 17}, "VirtuosoResult": {"executed_lines": [41, 45, 48, 49, 50], "summary": {"covered_lines": 5, "num_statements": 5, "percent_covered": 100.0, "percent_covered_display": "100", "missing_lines": 0, "excluded_lines": 0, "percent_statements_covered": 100.0, "percent_statements_covered_display": "100"}, "missing_lines": [], "excluded_lines": [], "start_line": 24}, "CommandResult": {"executed_lines": [], "summary": {"covered_lines": 0, "num_statements": 0, "percent_covered": 100.0, "percent_covered_display": "100", "missing_lines": 0, "excluded_lines": 0, "percent_statements_covered": 100.0, "percent_statements_covered_display": "100"}, "missing_lines": [], "excluded_lines": [], "start_line": 53}, "RoleQuery": {"executed_lines": [], "summary": {"covered_lines": 0, "num_statements": 0, "percent_covered": 100.0, "percent_covered_display": "100", "missing_lines": 0, "excluded_lines": 0, "percent_statements_covered": 100.0, "percent_statements_covered_display": "100"}, "missing_lines": [], "excluded_lines": [], "start_line": 67}, "QueryResult": {"executed_lines": [], "summary": {"covered_lines": 0, "num_statements": 0, "percent_covered": 100.0, "percent_covered_display": "100", "missing_lines": 0, "excluded_lines": 0, "percent_statements_covered": 100.0, "percent_statements_covered_display": "100"}, "missing_lines": [], "excluded_lines": [], "start_line": 78}, "SimulationResult": {"executed_lines": [103, 104, 105], "summary": {"covered_lines": 3, "num_statements": 4, "percent_covered": 75.0, "percent_covered_display": "75", "missing_lines": 1, "excluded_lines": 0, "percent_statements_covered": 75.0, "percent_statements_covered_display": "75"}, "missing_lines": [100], "excluded_lines": [], "start_line": 90}, "VirtuosoInterface": {"executed_lines": [], "summary": {"covered_lines": 0, "num_statements": 0, "percent_covered": 100.0, "percent_covered_display": "100", "missing_lines": 0, "excluded_lines": 3, "percent_statements_covered": 100.0, "percent_statements_covered_display": "100"}, "missing_lines": [], "excluded_lines": [112, 115, 118], "start_line": 108}, "Middle": {"executed_lines": [], "summary": {"covered_lines": 0, "num_statements": 0, "percent_covered": 100.0, "percent_covered_display": "100", "missing_lines": 0, "excluded_lines": 7, "percent_statements_covered": 100.0, "percent_statements_covered_display": "100"}, "missing_lines": [], "excluded_lines": [131, 135, 139, 143, 147, 151, 156], "start_line": 121}, "": {"executed_lines": [7, 9, 10, 11, 12, 14, 17, 18, 19, 20, 21, 24, 31, 32, 33, 34, 35, 36, 37, 39, 40, 43, 44, 47, 53, 61, 62, 63, 64, 67, 74, 75, 78, 85, 86, 87, 90, 91, 92, 93, 94, 95, 96, 98, 99, 102, 108, 121, 159], "summary": {"covered_lines": 49, "num_statements": 49, "percent_covered": 100.0, "percent_covered_display": "100", "missing_lines": 0, "excluded_lines": 28, "percent_statements_covered": 100.0, "percent_statements_covered_display": "100"}, "missing_lines": [], "excluded_lines": [111, 113, 114, 116, 117, 119, 120, 129, 130, 132, 133, 134, 136, 137, 138, 140, 141, 142, 144, 145, 146, 148, 149, 150, 152, 153, 157, 158], "start_line": 1}}}, "src\\pyapi\\packages\\__init__.py": {"executed_lines": [5, 6, 12, 14], "summary": {"covered_lines": 4, "num_statements": 4, "percent_covered": 100.0, "percent_covered_display": "100", "missing_lines": 0, "excluded_lines": 0, "percent_statements_covered": 100.0, "percent_statements_covered_display": "100"}, "missing_lines": [], "excluded_lines": [], "functions": {"": {"executed_lines": [5, 6, 12, 14], "summary": {"covered_lines": 4, "num_statements": 4, "percent_covered": 100.0, "percent_covered_display": "100", "missing_lines": 0, "excluded_lines": 0, "percent_statements_covered": 100.0, "percent_statements_covered_display": "100"}, "missing_lines": [], "excluded_lines": [], "start_line": 1}}, "classes": {"": {"executed_lines": [5, 6, 12, 14], "summary": {"covered_lines": 4, "num_statements": 4, "percent_covered": 100.0, "percent_covered_display": "100", "missing_lines": 0, "excluded_lines": 0, "percent_statements_covered": 100.0, "percent_statements_covered_display": "100"}, "missing_lines": [], "excluded_lines": [], "start_line": 1}}}, "src\\pyapi\\packages\\file_skill_command_file.py": {"executed_lines": [6, 8, 9, 10, 12, 15, 16, 17, 18, 19, 22, 23, 24, 25, 26, 29, 30, 31, 33, 46, 47, 51, 52, 53, 55, 58, 59, 60, 62, 63, 64, 65, 67, 71, 72, 73, 74, 77], "summary": {"covered_lines": 38, "num_statements": 38, "percent_covered": 100.0, "percent_covered_display": "100", "missing_lines": 0, "excluded_lines": 0, "percent_statements_covered": 100.0, "percent_statements_covered_display": "100"}, "missing_lines": [], "excluded_lines": [], "functions": {"FileSkillCommandFilePackage.__init__": {"executed_lines": [31], "summary": {"covered_lines": 1, "num_statements": 1, "percent_covered": 100.0, "percent_covered_display": "100", "missing_lines": 0, "excluded_lines": 0, "percent_statements_covered": 100.0, "percent_statements_covered_display": "100"}, "missing_lines": [], "excluded_lines": [], "start_line": 30}, "FileSkillCommandFilePackage.run": {"executed_lines": [46, 47, 51, 52, 53, 55, 58, 59, 60, 62, 63, 64, 65, 67, 71, 72, 73, 74], "summary": {"covered_lines": 18, "num_statements": 18, "percent_covered": 100.0, "percent_covered_display": "100", "missing_lines": 0, "excluded_lines": 0, "percent_statements_covered": 100.0, "percent_statements_covered_display": "100"}, "missing_lines": [], "excluded_lines": [], "start_line": 33}, "": {"executed_lines": [6, 8, 9, 10, 12, 15, 16, 17, 18, 19, 22, 23, 24, 25, 26, 29, 30, 33, 77], "summary": {"covered_lines": 19, "num_statements": 19, "percent_covered": 100.0, "percent_covered_display": "100", "missing_lines": 0, "excluded_lines": 0, "percent_statements_covered": 100.0, "percent_statements_covered_display": "100"}, "missing_lines": [], "excluded_lines": [], "start_line": 1}}, "classes": {"BusinessStep": {"executed_lines": [], "summary": {"covered_lines": 0, "num_statements": 0, "percent_covered": 100.0, "percent_covered_display": "100", "missing_lines": 0, "excluded_lines": 0, "percent_statements_covered": 100.0, "percent_statements_covered_display": "100"}, "missing_lines": [], "excluded_lines": [], "start_line": 16}, "BusinessResult": {"executed_lines": [], "summary": {"covered_lines": 0, "num_statements": 0, "percent_covered": 100.0, "percent_covered_display": "100", "missing_lines": 0, "excluded_lines": 0, "percent_statements_covered": 100.0, "percent_statements_covered_display": "100"}, "missing_lines": [], "excluded_lines": [], "start_line": 23}, "FileSkillCommandFilePackage": {"executed_lines": [31, 46, 47, 51, 52, 53, 55, 58, 59, 60, 62, 63, 64, 65, 67, 71, 72, 73, 74], "summary": {"covered_lines": 19, "num_statements": 19, "percent_covered": 100.0, "percent_covered_display": "100", "missing_lines": 0, "excluded_lines": 0, "percent_statements_covered": 100.0, "percent_statements_covered_display": "100"}, "missing_lines": [], "excluded_lines": [], "start_line": 29}, "": {"executed_lines": [6, 8, 9, 10, 12, 15, 16, 17, 18, 19, 22, 23, 24, 25, 26, 29, 30, 33, 77], "summary": {"covered_lines": 19, "num_statements": 19, "percent_covered": 100.0, "percent_covered_display": "100", "missing_lines": 0, "excluded_lines": 0, "percent_statements_covered": 100.0, "percent_statements_covered_display": "100"}, "missing_lines": [], "excluded_lines": [], "start_line": 1}}}, "src\\pyapi\\packages\\netlist_import.py": {"executed_lines": [8, 10, 11, 12, 14, 16, 19, 20, 21, 22, 23, 24, 25, 26, 29, 30, 31, 32, 33, 34, 37, 38, 39, 40, 41, 42, 44, 45, 48, 51, 52, 54, 55, 56, 57, 59, 63, 64, 65, 67, 71, 74, 75, 76, 78, 81, 84, 85, 88, 92], "summary": {"covered_lines": 50, "num_statements": 52, "percent_covered": 96.15384615384616, "percent_covered_display": "96", "missing_lines": 2, "excluded_lines": 0, "percent_statements_covered": 96.15384615384616, "percent_statements_covered_display": "96"}, "missing_lines": [43, 86], "excluded_lines": [], "functions": {"_validate": {"executed_lines": [38, 39, 40, 41, 42, 44, 45], "summary": {"covered_lines": 7, "num_statements": 8, "percent_covered": 87.5, "percent_covered_display": "88", "missing_lines": 1, "excluded_lines": 0, "percent_statements_covered": 87.5, "percent_statements_covered_display": "88"}, "missing_lines": [43], "excluded_lines": [], "start_line": 37}, "Package.__init__": {"executed_lines": [52], "summary": {"covered_lines": 1, "num_statements": 1, "percent_covered": 100.0, "percent_covered_display": "100", "missing_lines": 0, "excluded_lines": 0, "percent_statements_covered": 100.0, "percent_statements_covered_display": "100"}, "missing_lines": [], "excluded_lines": [], "start_line": 51}, "Package.run": {"executed_lines": [55, 56, 57, 59, 63, 64, 65, 67, 71, 74, 75, 76, 78, 81, 84, 85, 88], "summary": {"covered_lines": 17, "num_statements": 18, "percent_covered": 94.44444444444444, "percent_covered_display": "94", "missing_lines": 1, "excluded_lines": 0, "percent_statements_covered": 94.44444444444444, "percent_statements_covered_display": "94"}, "missing_lines": [86], "excluded_lines": [], "start_line": 54}, "": {"executed_lines": [8, 10, 11, 12, 14, 16, 19, 20, 21, 22, 23, 24, 25, 26, 29, 30, 31, 32, 33, 34, 37, 48, 51, 54, 92], "summary": {"covered_lines": 25, "num_statements": 25, "percent_covered": 100.0, "percent_covered_display": "100", "missing_lines": 0, "excluded_lines": 0, "percent_statements_covered": 100.0, "percent_statements_covered_display": "100"}, "missing_lines": [], "excluded_lines": [], "start_line": 1}}, "classes": {"Request": {"executed_lines": [], "summary": {"covered_lines": 0, "num_statements": 0, "percent_covered": 100.0, "percent_covered_display": "100", "missing_lines": 0, "excluded_lines": 0, "percent_statements_covered": 100.0, "percent_statements_covered_display": "100"}, "missing_lines": [], "excluded_lines": [], "start_line": 20}, "Result": {"executed_lines": [], "summary": {"covered_lines": 0, "num_statements": 0, "percent_covered": 100.0, "percent_covered_display": "100", "missing_lines": 0, "excluded_lines": 0, "percent_statements_covered": 100.0, "percent_statements_covered_display": "100"}, "missing_lines": [], "excluded_lines": [], "start_line": 30}, "Package": {"executed_lines": [52, 55, 56, 57, 59, 63, 64, 65, 67, 71, 74, 75, 76, 78, 81, 84, 85, 88], "summary": {"covered_lines": 18, "num_statements": 19, "percent_covered": 94.73684210526316, "percent_covered_display": "95", "missing_lines": 1, "excluded_lines": 0, "percent_statements_covered": 94.73684210526316, "percent_statements_covered_display": "95"}, "missing_lines": [86], "excluded_lines": [], "start_line": 48}, "": {"executed_lines": [8, 10, 11, 12, 14, 16, 19, 20, 21, 22, 23, 24, 25, 26, 29, 30, 31, 32, 33, 34, 37, 38, 39, 40, 41, 42, 44, 45, 48, 51, 54, 92], "summary": {"covered_lines": 32, "num_statements": 33, "percent_covered": 96.96969696969697, "percent_covered_display": "97", "missing_lines": 1, "excluded_lines": 0, "percent_statements_covered": 96.96969696969697, "percent_statements_covered_display": "97"}, "missing_lines": [43], "excluded_lines": [], "start_line": 1}}}, "src\\pyapi\\packages\\parallel_probe.py": {"executed_lines": [2, 4, 5, 6, 7, 9, 12, 13, 14, 15, 16, 19, 20, 21, 23, 33, 34, 35, 41, 42, 48, 49, 50, 51, 52, 53, 54, 57, 60, 63], "summary": {"covered_lines": 30, "num_statements": 32, "percent_covered": 93.75, "percent_covered_display": "94", "missing_lines": 2, "excluded_lines": 0, "percent_statements_covered": 93.75, "percent_statements_covered_display": "94"}, "missing_lines": [55, 56], "excluded_lines": [], "functions": {"ParallelProbePackage.__init__": {"executed_lines": [21], "summary": {"covered_lines": 1, "num_statements": 1, "percent_covered": 100.0, "percent_covered_display": "100", "missing_lines": 0, "excluded_lines": 0, "percent_statements_covered": 100.0, "percent_statements_covered_display": "100"}, "missing_lines": [], "excluded_lines": [], "start_line": 20}, "ParallelProbePackage.run": {"executed_lines": [33, 34, 35, 41, 42, 48, 49, 50, 51, 52, 53, 54, 57, 60], "summary": {"covered_lines": 14, "num_statements": 16, "percent_covered": 87.5, "percent_covered_display": "88", "missing_lines": 2, "excluded_lines": 0, "percent_statements_covered": 87.5, "percent_statements_covered_display": "88"}, "missing_lines": [55, 56], "excluded_lines": [], "start_line": 23}, "": {"executed_lines": [2, 4, 5, 6, 7, 9, 12, 13, 14, 15, 16, 19, 20, 23, 63], "summary": {"covered_lines": 15, "num_statements": 15, "percent_covered": 100.0, "percent_covered_display": "100", "missing_lines": 0, "excluded_lines": 0, "percent_statements_covered": 100.0, "percent_statements_covered_display": "100"}, "missing_lines": [], "excluded_lines": [], "start_line": 1}}, "classes": {"ParallelProbeResult": {"executed_lines": [], "summary": {"covered_lines": 0, "num_statements": 0, "percent_covered": 100.0, "percent_covered_display": "100", "missing_lines": 0, "excluded_lines": 0, "percent_statements_covered": 100.0, "percent_statements_covered_display": "100"}, "missing_lines": [], "excluded_lines": [], "start_line": 13}, "ParallelProbePackage": {"executed_lines": [21, 33, 34, 35, 41, 42, 48, 49, 50, 51, 52, 53, 54, 57, 60], "summary": {"covered_lines": 15, "num_statements": 17, "percent_covered": 88.23529411764706, "percent_covered_display": "88", "missing_lines": 2, "excluded_lines": 0, "percent_statements_covered": 88.23529411764706, "percent_statements_covered_display": "88"}, "missing_lines": [55, 56], "excluded_lines": [], "start_line": 19}, "": {"executed_lines": [2, 4, 5, 6, 7, 9, 12, 13, 14, 15, 16, 19, 20, 23, 63], "summary": {"covered_lines": 15, "num_statements": 15, "percent_covered": 100.0, "percent_covered_display": "100", "missing_lines": 0, "excluded_lines": 0, "percent_statements_covered": 100.0, "percent_statements_covered_display": "100"}, "missing_lines": [], "excluded_lines": [], "start_line": 1}}}, "src\\server\\__init__.py": {"executed_lines": [10, 12, 14, 17, 18, 19, 20, 21], "summary": {"covered_lines": 8, "num_statements": 8, "percent_covered": 100.0, "percent_covered_display": "100", "missing_lines": 0, "excluded_lines": 0, "percent_statements_covered": 100.0, "percent_statements_covered_display": "100"}, "missing_lines": [], "excluded_lines": [], "functions": {"__getattr__": {"executed_lines": [18, 19, 20, 21], "summary": {"covered_lines": 4, "num_statements": 4, "percent_covered": 100.0, "percent_covered_display": "100", "missing_lines": 0, "excluded_lines": 0, "percent_statements_covered": 100.0, "percent_statements_covered_display": "100"}, "missing_lines": [], "excluded_lines": [], "start_line": 17}, "": {"executed_lines": [10, 12, 14, 17], "summary": {"covered_lines": 4, "num_statements": 4, "percent_covered": 100.0, "percent_covered_display": "100", "missing_lines": 0, "excluded_lines": 0, "percent_statements_covered": 100.0, "percent_statements_covered_display": "100"}, "missing_lines": [], "excluded_lines": [], "start_line": 1}}, "classes": {"": {"executed_lines": [10, 12, 14, 17, 18, 19, 20, 21], "summary": {"covered_lines": 8, "num_statements": 8, "percent_covered": 100.0, "percent_covered_display": "100", "missing_lines": 0, "excluded_lines": 0, "percent_statements_covered": 100.0, "percent_statements_covered_display": "100"}, "missing_lines": [], "excluded_lines": [], "start_line": 1}}}, "src\\server\\registration_server.py": {"executed_lines": [17, 19, 20, 21, 22, 23, 24, 26, 28, 29, 30, 31, 33, 36, 37, 39, 40, 41, 42, 43, 44, 45, 47, 48, 49, 50, 51, 52, 53, 55, 56, 57, 58, 60, 61, 62, 64, 65, 66, 68, 69, 77, 78, 79, 80, 81, 82, 91, 95, 96, 97, 98, 99, 100, 101, 107, 108, 109, 110, 111, 114, 115, 116, 117, 118, 119, 120, 121, 126, 127, 128, 129, 130, 131, 134, 135, 136, 137, 138, 139, 140, 141, 142, 143, 144, 145, 146, 147, 148, 149, 150, 151, 152, 153, 155, 156, 157, 158, 159, 160, 161, 162, 163, 164, 165, 166, 168, 169, 170, 171, 172, 173, 174, 177, 180, 181, 182, 184, 185, 186, 187, 188, 189, 190, 191, 192, 193, 194, 195, 197, 198, 199, 202, 203, 207, 210, 211, 212, 213, 214, 216, 217, 221, 235, 236, 237, 238, 239, 240, 241, 242, 243, 244, 245, 255, 257, 258, 259, 263, 265, 268, 270, 271, 272, 273, 274, 275, 276, 279, 280, 284, 286, 287, 288, 289, 290, 291, 292, 294, 295, 298, 299, 300, 302, 303, 304, 305, 306, 307, 310, 329], "summary": {"covered_lines": 191, "num_statements": 227, "percent_covered": 84.14096916299559, "percent_covered_display": "84", "missing_lines": 36, "excluded_lines": 0, "percent_statements_covered": 84.14096916299559, "percent_statements_covered_display": "84"}, "missing_lines": [112, 122, 123, 124, 132, 175, 176, 200, 201, 204, 205, 206, 208, 209, 266, 267, 277, 278, 281, 282, 283, 311, 312, 313, 314, 315, 317, 318, 319, 320, 321, 322, 323, 324, 326, 330], "excluded_lines": [], "functions": {"RegistrationHandler._send_json": {"executed_lines": [40, 41, 42, 43, 44, 45], "summary": {"covered_lines": 6, "num_statements": 6, "percent_covered": 100.0, "percent_covered_display": "100", "missing_lines": 0, "excluded_lines": 0, "percent_statements_covered": 100.0, "percent_statements_covered_display": "100"}, "missing_lines": [], "excluded_lines": [], "start_line": 39}, "RegistrationHandler._send_html": {"executed_lines": [48, 49, 50, 51, 52, 53], "summary": {"covered_lines": 6, "num_statements": 6, "percent_covered": 100.0, "percent_covered_display": "100", "missing_lines": 0, "excluded_lines": 0, "percent_statements_covered": 100.0, "percent_statements_covered_display": "100"}, "missing_lines": [], "excluded_lines": [], "start_line": 47}, "RegistrationHandler._read_json": {"executed_lines": [56, 57, 58], "summary": {"covered_lines": 3, "num_statements": 3, "percent_covered": 100.0, "percent_covered_display": "100", "missing_lines": 0, "excluded_lines": 0, "percent_statements_covered": 100.0, "percent_statements_covered_display": "100"}, "missing_lines": [], "excluded_lines": [], "start_line": 55}, "RegistrationHandler._flow": {"executed_lines": [61, 62], "summary": {"covered_lines": 2, "num_statements": 2, "percent_covered": 100.0, "percent_covered_display": "100", "missing_lines": 0, "excluded_lines": 0, "percent_statements_covered": 100.0, "percent_statements_covered_display": "100"}, "missing_lines": [], "excluded_lines": [], "start_line": 60}, "RegistrationHandler._store": {"executed_lines": [65, 66], "summary": {"covered_lines": 2, "num_statements": 2, "percent_covered": 100.0, "percent_covered_display": "100", "missing_lines": 0, "excluded_lines": 0, "percent_statements_covered": 100.0, "percent_statements_covered_display": "100"}, "missing_lines": [], "excluded_lines": [], "start_line": 64}, "RegistrationHandler._state_payload": {"executed_lines": [69, 77, 78, 79, 80, 81, 82, 91], "summary": {"covered_lines": 8, "num_statements": 8, "percent_covered": 100.0, "percent_covered_display": "100", "missing_lines": 0, "excluded_lines": 0, "percent_statements_covered": 100.0, "percent_statements_covered_display": "100"}, "missing_lines": [], "excluded_lines": [], "start_line": 68}, "RegistrationHandler.do_GET": {"executed_lines": [96, 97, 98, 99, 100, 101, 107, 108, 109, 110, 111, 114, 115, 116, 117, 118, 119, 120, 121], "summary": {"covered_lines": 19, "num_statements": 23, "percent_covered": 82.6086956521739, "percent_covered_display": "83", "missing_lines": 4, "excluded_lines": 0, "percent_statements_covered": 82.6086956521739, "percent_statements_covered_display": "83"}, "missing_lines": [112, 122, 123, 124], "excluded_lines": [], "start_line": 95}, "RegistrationHandler.do_DELETE": {"executed_lines": [127, 128, 129, 130, 131], "summary": {"covered_lines": 5, "num_statements": 6, "percent_covered": 83.33333333333333, "percent_covered_display": "83", "missing_lines": 1, "excluded_lines": 0, "percent_statements_covered": 83.33333333333333, "percent_statements_covered_display": "83"}, "missing_lines": [132], "excluded_lines": [], "start_line": 126}, "RegistrationHandler.do_POST": {"executed_lines": [135, 136, 137, 138, 139, 140, 141, 142, 143, 144, 145, 146, 147, 148, 149, 150, 151, 152, 153], "summary": {"covered_lines": 19, "num_statements": 19, "percent_covered": 100.0, "percent_covered_display": "100", "missing_lines": 0, "excluded_lines": 0, "percent_statements_covered": 100.0, "percent_statements_covered_display": "100"}, "missing_lines": [], "excluded_lines": [], "start_line": 134}, "RegistrationHandler._parse_request": {"executed_lines": [156, 157, 158, 159, 160, 161, 162, 163, 164, 165, 166], "summary": {"covered_lines": 11, "num_statements": 11, "percent_covered": 100.0, "percent_covered_display": "100", "missing_lines": 0, "excluded_lines": 0, "percent_statements_covered": 100.0, "percent_statements_covered_display": "100"}, "missing_lines": [], "excluded_lines": [], "start_line": 155}, "RegistrationHandler._handle_apply": {"executed_lines": [169, 170, 171, 172, 173, 174, 177, 180, 181, 182], "summary": {"covered_lines": 10, "num_statements": 12, "percent_covered": 83.33333333333333, "percent_covered_display": "83", "missing_lines": 2, "excluded_lines": 0, "percent_statements_covered": 83.33333333333333, "percent_statements_covered_display": "83"}, "missing_lines": [175, 176], "excluded_lines": [], "start_line": 168}, "RegistrationHandler._handle_delete": {"executed_lines": [185, 186, 187, 188, 189, 190, 191, 192, 193, 194, 195], "summary": {"covered_lines": 11, "num_statements": 11, "percent_covered": 100.0, "percent_covered_display": "100", "missing_lines": 0, "excluded_lines": 0, "percent_statements_covered": 100.0, "percent_statements_covered_display": "100"}, "missing_lines": [], "excluded_lines": [], "start_line": 184}, "RegistrationHandler._handle_update": {"executed_lines": [198, 199, 202, 203, 207, 210, 221, 235, 236, 237, 238, 239, 240, 241, 242, 243, 244, 245, 255, 257, 258, 259, 263, 265, 268, 270, 271, 272, 273, 274, 275, 276, 279, 280, 284], "summary": {"covered_lines": 35, "num_statements": 49, "percent_covered": 71.42857142857143, "percent_covered_display": "71", "missing_lines": 14, "excluded_lines": 0, "percent_statements_covered": 71.42857142857143, "percent_statements_covered_display": "71"}, "missing_lines": [200, 201, 204, 205, 206, 208, 209, 266, 267, 277, 278, 281, 282, 283], "excluded_lines": [], "start_line": 197}, "RegistrationHandler._handle_update.deep_merge": {"executed_lines": [211, 212, 213, 214, 216, 217], "summary": {"covered_lines": 6, "num_statements": 6, "percent_covered": 100.0, "percent_covered_display": "100", "missing_lines": 0, "excluded_lines": 0, "percent_statements_covered": 100.0, "percent_statements_covered_display": "100"}, "missing_lines": [], "excluded_lines": [], "start_line": 210}, "RegistrationHandler._handle_step": {"executed_lines": [287, 288, 289, 290, 291, 292], "summary": {"covered_lines": 6, "num_statements": 6, "percent_covered": 100.0, "percent_covered_display": "100", "missing_lines": 0, "excluded_lines": 0, "percent_statements_covered": 100.0, "percent_statements_covered_display": "100"}, "missing_lines": [], "excluded_lines": [], "start_line": 286}, "RegistrationHandler.log_message": {"executed_lines": [295], "summary": {"covered_lines": 1, "num_statements": 1, "percent_covered": 100.0, "percent_covered_display": "100", "missing_lines": 0, "excluded_lines": 0, "percent_statements_covered": 100.0, "percent_statements_covered_display": "100"}, "missing_lines": [], "excluded_lines": [], "start_line": 294}, "RegistrationServer.__init__": {"executed_lines": [303, 304, 305, 306, 307], "summary": {"covered_lines": 5, "num_statements": 5, "percent_covered": 100.0, "percent_covered_display": "100", "missing_lines": 0, "excluded_lines": 0, "percent_statements_covered": 100.0, "percent_statements_covered_display": "100"}, "missing_lines": [], "excluded_lines": [], "start_line": 302}, "main": {"executed_lines": [], "summary": {"covered_lines": 0, "num_statements": 14, "percent_covered": 0.0, "percent_covered_display": "0", "missing_lines": 14, "excluded_lines": 0, "percent_statements_covered": 0.0, "percent_statements_covered_display": "0"}, "missing_lines": [311, 312, 313, 314, 315, 317, 318, 319, 320, 321, 322, 323, 324, 326], "excluded_lines": [], "start_line": 310}, "": {"executed_lines": [17, 19, 20, 21, 22, 23, 24, 26, 28, 29, 30, 31, 33, 36, 37, 39, 47, 55, 60, 64, 68, 95, 126, 134, 155, 168, 184, 197, 286, 294, 298, 299, 300, 302, 310, 329], "summary": {"covered_lines": 36, "num_statements": 37, "percent_covered": 97.29729729729729, "percent_covered_display": "97", "missing_lines": 1, "excluded_lines": 0, "percent_statements_covered": 97.29729729729729, "percent_statements_covered_display": "97"}, "missing_lines": [330], "excluded_lines": [], "start_line": 1}}, "classes": {"RegistrationHandler": {"executed_lines": [40, 41, 42, 43, 44, 45, 48, 49, 50, 51, 52, 53, 56, 57, 58, 61, 62, 65, 66, 69, 77, 78, 79, 80, 81, 82, 91, 96, 97, 98, 99, 100, 101, 107, 108, 109, 110, 111, 114, 115, 116, 117, 118, 119, 120, 121, 127, 128, 129, 130, 131, 135, 136, 137, 138, 139, 140, 141, 142, 143, 144, 145, 146, 147, 148, 149, 150, 151, 152, 153, 156, 157, 158, 159, 160, 161, 162, 163, 164, 165, 166, 169, 170, 171, 172, 173, 174, 177, 180, 181, 182, 185, 186, 187, 188, 189, 190, 191, 192, 193, 194, 195, 198, 199, 202, 203, 207, 210, 211, 212, 213, 214, 216, 217, 221, 235, 236, 237, 238, 239, 240, 241, 242, 243, 244, 245, 255, 257, 258, 259, 263, 265, 268, 270, 271, 272, 273, 274, 275, 276, 279, 280, 284, 287, 288, 289, 290, 291, 292, 295], "summary": {"covered_lines": 150, "num_statements": 171, "percent_covered": 87.71929824561404, "percent_covered_display": "88", "missing_lines": 21, "excluded_lines": 0, "percent_statements_covered": 87.71929824561404, "percent_statements_covered_display": "88"}, "missing_lines": [112, 122, 123, 124, 132, 175, 176, 200, 201, 204, 205, 206, 208, 209, 266, 267, 277, 278, 281, 282, 283], "excluded_lines": [], "start_line": 36}, "RegistrationServer": {"executed_lines": [303, 304, 305, 306, 307], "summary": {"covered_lines": 5, "num_statements": 5, "percent_covered": 100.0, "percent_covered_display": "100", "missing_lines": 0, "excluded_lines": 0, "percent_statements_covered": 100.0, "percent_statements_covered_display": "100"}, "missing_lines": [], "excluded_lines": [], "start_line": 298}, "": {"executed_lines": [17, 19, 20, 21, 22, 23, 24, 26, 28, 29, 30, 31, 33, 36, 37, 39, 47, 55, 60, 64, 68, 95, 126, 134, 155, 168, 184, 197, 286, 294, 298, 299, 300, 302, 310, 329], "summary": {"covered_lines": 36, "num_statements": 51, "percent_covered": 70.58823529411765, "percent_covered_display": "71", "missing_lines": 15, "excluded_lines": 0, "percent_statements_covered": 70.58823529411765, "percent_statements_covered_display": "71"}, "missing_lines": [311, 312, 313, 314, 315, 317, 318, 319, 320, 321, 322, 323, 324, 326, 330], "excluded_lines": [], "start_line": 1}}}, "src\\server\\stress_server.py": {"executed_lines": [7, 9, 10, 11, 12, 13, 14, 15, 16, 17, 18, 20, 23, 24, 26, 27, 28, 29, 30, 31, 32, 34, 35, 36, 37, 39, 40, 46, 47, 48, 50, 51, 52, 53, 57, 58, 59, 63, 64, 65, 66, 67, 68, 69, 74, 75, 76, 77, 78, 79, 80, 84, 85, 86, 88, 89, 93, 94, 98, 102, 109, 110, 111, 112, 116, 117, 124, 125, 126, 132, 134, 135, 136, 141, 143, 144, 145, 150, 152, 153, 154, 155, 156, 157, 158, 159, 162, 163, 164, 167, 168, 169, 174, 175, 176, 177, 178, 179, 180, 181, 182, 183, 184, 185, 189, 192, 196, 216, 217, 218, 219, 223, 224, 227, 228, 229, 231, 232, 233, 236, 237, 240, 260], "summary": {"covered_lines": 123, "num_statements": 146, "percent_covered": 84.24657534246575, "percent_covered_display": "84", "missing_lines": 23, "excluded_lines": 0, "percent_statements_covered": 84.24657534246575, "percent_statements_covered_display": "84"}, "missing_lines": [54, 55, 56, 160, 161, 220, 221, 241, 242, 243, 244, 245, 247, 248, 249, 250, 251, 252, 253, 254, 255, 257, 261], "excluded_lines": [], "functions": {"Handler._send": {"executed_lines": [27, 28, 29, 30, 31, 32], "summary": {"covered_lines": 6, "num_statements": 6, "percent_covered": 100.0, "percent_covered_display": "100", "missing_lines": 0, "excluded_lines": 0, "percent_statements_covered": 100.0, "percent_statements_covered_display": "100"}, "missing_lines": [], "excluded_lines": [], "start_line": 26}, "Handler._read": {"executed_lines": [35, 36, 37], "summary": {"covered_lines": 3, "num_statements": 3, "percent_covered": 100.0, "percent_covered_display": "100", "missing_lines": 0, "excluded_lines": 0, "percent_statements_covered": 100.0, "percent_statements_covered_display": "100"}, "missing_lines": [], "excluded_lines": [], "start_line": 34}, "Handler._staging": {"executed_lines": [46, 47, 48], "summary": {"covered_lines": 3, "num_statements": 3, "percent_covered": 100.0, "percent_covered_display": "100", "missing_lines": 0, "excluded_lines": 0, "percent_statements_covered": 100.0, "percent_statements_covered_display": "100"}, "missing_lines": [], "excluded_lines": [], "start_line": 40}, "Handler.do_POST": {"executed_lines": [51, 52, 53, 57, 58, 59, 63, 64, 65, 66, 67, 68, 69, 74, 75, 76, 77, 78, 79, 80, 84, 85, 86, 88, 89, 93, 94, 98, 102, 109, 110, 111, 112, 116, 117, 124, 125, 126, 132, 134, 135, 136, 141, 143, 144, 145, 150, 152, 153, 154, 155, 156, 157, 158, 159, 162, 163, 164, 167, 168, 169, 174, 175, 176, 177, 178, 179, 180, 181, 182, 183, 184, 185, 189, 192, 196, 216, 217, 218, 219], "summary": {"covered_lines": 80, "num_statements": 87, "percent_covered": 91.95402298850574, "percent_covered_display": "92", "missing_lines": 7, "excluded_lines": 0, "percent_statements_covered": 91.95402298850574, "percent_statements_covered_display": "92"}, "missing_lines": [54, 55, 56, 160, 161, 220, 221], "excluded_lines": [], "start_line": 50}, "Handler.log_message": {"executed_lines": [224], "summary": {"covered_lines": 1, "num_statements": 1, "percent_covered": 100.0, "percent_covered_display": "100", "missing_lines": 0, "excluded_lines": 0, "percent_statements_covered": 100.0, "percent_statements_covered_display": "100"}, "missing_lines": [], "excluded_lines": [], "start_line": 223}, "StressServer.__init__": {"executed_lines": [232, 233, 236, 237], "summary": {"covered_lines": 4, "num_statements": 4, "percent_covered": 100.0, "percent_covered_display": "100", "missing_lines": 0, "excluded_lines": 0, "percent_statements_covered": 100.0, "percent_statements_covered_display": "100"}, "missing_lines": [], "excluded_lines": [], "start_line": 231}, "main": {"executed_lines": [], "summary": {"covered_lines": 0, "num_statements": 15, "percent_covered": 0.0, "percent_covered_display": "0", "missing_lines": 15, "excluded_lines": 0, "percent_statements_covered": 0.0, "percent_statements_covered_display": "0"}, "missing_lines": [241, 242, 243, 244, 245, 247, 248, 249, 250, 251, 252, 253, 254, 255, 257], "excluded_lines": [], "start_line": 240}, "": {"executed_lines": [7, 9, 10, 11, 12, 13, 14, 15, 16, 17, 18, 20, 23, 24, 26, 34, 39, 40, 50, 223, 227, 228, 229, 231, 240, 260], "summary": {"covered_lines": 26, "num_statements": 27, "percent_covered": 96.29629629629629, "percent_covered_display": "96", "missing_lines": 1, "excluded_lines": 0, "percent_statements_covered": 96.29629629629629, "percent_statements_covered_display": "96"}, "missing_lines": [261], "excluded_lines": [], "start_line": 1}}, "classes": {"Handler": {"executed_lines": [27, 28, 29, 30, 31, 32, 35, 36, 37, 46, 47, 48, 51, 52, 53, 57, 58, 59, 63, 64, 65, 66, 67, 68, 69, 74, 75, 76, 77, 78, 79, 80, 84, 85, 86, 88, 89, 93, 94, 98, 102, 109, 110, 111, 112, 116, 117, 124, 125, 126, 132, 134, 135, 136, 141, 143, 144, 145, 150, 152, 153, 154, 155, 156, 157, 158, 159, 162, 163, 164, 167, 168, 169, 174, 175, 176, 177, 178, 179, 180, 181, 182, 183, 184, 185, 189, 192, 196, 216, 217, 218, 219, 224], "summary": {"covered_lines": 93, "num_statements": 100, "percent_covered": 93.0, "percent_covered_display": "93", "missing_lines": 7, "excluded_lines": 0, "percent_statements_covered": 93.0, "percent_statements_covered_display": "93"}, "missing_lines": [54, 55, 56, 160, 161, 220, 221], "excluded_lines": [], "start_line": 23}, "StressServer": {"executed_lines": [232, 233, 236, 237], "summary": {"covered_lines": 4, "num_statements": 4, "percent_covered": 100.0, "percent_covered_display": "100", "missing_lines": 0, "excluded_lines": 0, "percent_statements_covered": 100.0, "percent_statements_covered_display": "100"}, "missing_lines": [], "excluded_lines": [], "start_line": 227}, "": {"executed_lines": [7, 9, 10, 11, 12, 13, 14, 15, 16, 17, 18, 20, 23, 24, 26, 34, 39, 40, 50, 223, 227, 228, 229, 231, 240, 260], "summary": {"covered_lines": 26, "num_statements": 42, "percent_covered": 61.904761904761905, "percent_covered_display": "62", "missing_lines": 16, "excluded_lines": 0, "percent_statements_covered": 61.904761904761905, "percent_statements_covered_display": "62"}, "missing_lines": [241, 242, 243, 244, 245, 247, 248, 249, 250, 251, 252, 253, 254, 255, 257, 261], "excluded_lines": [], "start_line": 1}}}, "src\\transport\\__init__.py": {"executed_lines": [3, 4, 14], "summary": {"covered_lines": 3, "num_statements": 3, "percent_covered": 100.0, "percent_covered_display": "100", "missing_lines": 0, "excluded_lines": 0, "percent_statements_covered": 100.0, "percent_statements_covered_display": "100"}, "missing_lines": [], "excluded_lines": [], "functions": {"": {"executed_lines": [3, 4, 14], "summary": {"covered_lines": 3, "num_statements": 3, "percent_covered": 100.0, "percent_covered_display": "100", "missing_lines": 0, "excluded_lines": 0, "percent_statements_covered": 100.0, "percent_statements_covered_display": "100"}, "missing_lines": [], "excluded_lines": [], "start_line": 1}}, "classes": {"": {"executed_lines": [3, 4, 14], "summary": {"covered_lines": 3, "num_statements": 3, "percent_covered": 100.0, "percent_covered_display": "100", "missing_lines": 0, "excluded_lines": 0, "percent_statements_covered": 100.0, "percent_statements_covered_display": "100"}, "missing_lines": [], "excluded_lines": [], "start_line": 1}}}, "src\\transport\\budgets.py": {"executed_lines": [8, 10, 13, 16, 17, 18, 19, 22, 25, 26, 27, 28, 29, 31, 32, 33, 34, 35, 36, 38, 41, 45, 48, 49, 50, 51, 52, 53, 54, 55, 58, 59, 60, 61, 62, 63, 64, 66, 67, 68, 71, 72, 73, 74, 75, 76, 78, 79, 80, 81, 82, 84, 85, 86, 87, 90, 97, 98, 99, 100, 101, 102, 105, 106, 107, 108, 109, 110, 111, 112, 114, 115, 116, 117, 118, 119, 120, 121, 123, 125, 126, 127, 128, 129, 130, 131, 134, 135, 136, 137, 139, 140, 141, 144], "summary": {"covered_lines": 94, "num_statements": 97, "percent_covered": 96.90721649484536, "percent_covered_display": "97", "missing_lines": 3, "excluded_lines": 0, "percent_statements_covered": 96.90721649484536, "percent_statements_covered_display": "97"}, "missing_lines": [39, 42, 132], "excluded_lines": [], "functions": {"CapacityExceeded.__init__": {"executed_lines": [17, 18, 19], "summary": {"covered_lines": 3, "num_statements": 3, "percent_covered": 100.0, "percent_covered_display": "100", "missing_lines": 0, "excluded_lines": 0, "percent_statements_covered": 100.0, "percent_statements_covered_display": "100"}, "missing_lines": [], "excluded_lines": [], "start_line": 16}, "_Lease.__init__": {"executed_lines": [26, 27, 28, 29], "summary": {"covered_lines": 4, "num_statements": 4, "percent_covered": 100.0, "percent_covered_display": "100", "missing_lines": 0, "excluded_lines": 0, "percent_statements_covered": 100.0, "percent_statements_covered_display": "100"}, "missing_lines": [], "excluded_lines": [], "start_line": 25}, "_Lease.release": {"executed_lines": [32, 33, 34, 35, 36], "summary": {"covered_lines": 5, "num_statements": 5, "percent_covered": 100.0, "percent_covered_display": "100", "missing_lines": 0, "excluded_lines": 0, "percent_statements_covered": 100.0, "percent_statements_covered_display": "100"}, "missing_lines": [], "excluded_lines": [], "start_line": 31}, "_Lease.__enter__": {"executed_lines": [], "summary": {"covered_lines": 0, "num_statements": 1, "percent_covered": 0.0, "percent_covered_display": "0", "missing_lines": 1, "excluded_lines": 0, "percent_statements_covered": 0.0, "percent_statements_covered_display": "0"}, "missing_lines": [39], "excluded_lines": [], "start_line": 38}, "_Lease.__exit__": {"executed_lines": [], "summary": {"covered_lines": 0, "num_statements": 1, "percent_covered": 0.0, "percent_covered_display": "0", "missing_lines": 1, "excluded_lines": 0, "percent_statements_covered": 0.0, "percent_statements_covered_display": "0"}, "missing_lines": [42], "excluded_lines": [], "start_line": 41}, "TokenBudgets.__init__": {"executed_lines": [49, 50, 51, 52, 53, 54, 55], "summary": {"covered_lines": 7, "num_statements": 7, "percent_covered": 100.0, "percent_covered_display": "100", "missing_lines": 0, "excluded_lines": 0, "percent_statements_covered": 100.0, "percent_statements_covered_display": "100"}, "missing_lines": [], "excluded_lines": [], "start_line": 48}, "TokenBudgets.set_endpoint_limit": {"executed_lines": [59, 60, 61, 62, 63, 64], "summary": {"covered_lines": 6, "num_statements": 6, "percent_covered": 100.0, "percent_covered_display": "100", "missing_lines": 0, "excluded_lines": 0, "percent_statements_covered": 100.0, "percent_statements_covered_display": "100"}, "missing_lines": [], "excluded_lines": [], "start_line": 58}, "TokenBudgets.endpoint_limit": {"executed_lines": [67, 68], "summary": {"covered_lines": 2, "num_statements": 2, "percent_covered": 100.0, "percent_covered_display": "100", "missing_lines": 0, "excluded_lines": 0, "percent_statements_covered": 100.0, "percent_statements_covered_display": "100"}, "missing_lines": [], "excluded_lines": [], "start_line": 66}, "TokenBudgets.try_acquire_thread": {"executed_lines": [72, 73, 74, 75, 76], "summary": {"covered_lines": 5, "num_statements": 5, "percent_covered": 100.0, "percent_covered_display": "100", "missing_lines": 0, "excluded_lines": 0, "percent_statements_covered": 100.0, "percent_statements_covered_display": "100"}, "missing_lines": [], "excluded_lines": [], "start_line": 71}, "TokenBudgets.release_thread": {"executed_lines": [79, 80, 81, 82], "summary": {"covered_lines": 4, "num_statements": 4, "percent_covered": 100.0, "percent_covered_display": "100", "missing_lines": 0, "excluded_lines": 0, "percent_statements_covered": 100.0, "percent_statements_covered_display": "100"}, "missing_lines": [], "excluded_lines": [], "start_line": 78}, "TokenBudgets.threads_in_use": {"executed_lines": [86, 87], "summary": {"covered_lines": 2, "num_statements": 2, "percent_covered": 100.0, "percent_covered_display": "100", "missing_lines": 0, "excluded_lines": 0, "percent_statements_covered": 100.0, "percent_statements_covered_display": "100"}, "missing_lines": [], "excluded_lines": [], "start_line": 85}, "TokenBudgets.try_acquire_channel": {"executed_lines": [97, 98, 99, 100, 101, 102, 105, 106, 107, 108, 109, 110, 111, 112], "summary": {"covered_lines": 14, "num_statements": 14, "percent_covered": 100.0, "percent_covered_display": "100", "missing_lines": 0, "excluded_lines": 0, "percent_statements_covered": 100.0, "percent_statements_covered_display": "100"}, "missing_lines": [], "excluded_lines": [], "start_line": 90}, "TokenBudgets._release_channel": {"executed_lines": [115, 116, 117, 118, 119, 120, 121, 123], "summary": {"covered_lines": 8, "num_statements": 8, "percent_covered": 100.0, "percent_covered_display": "100", "missing_lines": 0, "excluded_lines": 0, "percent_statements_covered": 100.0, "percent_statements_covered_display": "100"}, "missing_lines": [], "excluded_lines": [], "start_line": 114}, "TokenBudgets.denial_reason": {"executed_lines": [126, 127, 128, 129, 130, 131], "summary": {"covered_lines": 6, "num_statements": 7, "percent_covered": 85.71428571428571, "percent_covered_display": "86", "missing_lines": 1, "excluded_lines": 0, "percent_statements_covered": 85.71428571428571, "percent_statements_covered_display": "86"}, "missing_lines": [132], "excluded_lines": [], "start_line": 125}, "TokenBudgets.channels_in_use": {"executed_lines": [136, 137], "summary": {"covered_lines": 2, "num_statements": 2, "percent_covered": 100.0, "percent_covered_display": "100", "missing_lines": 0, "excluded_lines": 0, "percent_statements_covered": 100.0, "percent_statements_covered_display": "100"}, "missing_lines": [], "excluded_lines": [], "start_line": 135}, "TokenBudgets.channels_in_use_for": {"executed_lines": [140, 141], "summary": {"covered_lines": 2, "num_statements": 2, "percent_covered": 100.0, "percent_covered_display": "100", "missing_lines": 0, "excluded_lines": 0, "percent_statements_covered": 100.0, "percent_statements_covered_display": "100"}, "missing_lines": [], "excluded_lines": [], "start_line": 139}, "": {"executed_lines": [8, 10, 13, 16, 22, 25, 31, 38, 41, 45, 48, 58, 66, 71, 78, 84, 85, 90, 114, 125, 134, 135, 139, 144], "summary": {"covered_lines": 24, "num_statements": 24, "percent_covered": 100.0, "percent_covered_display": "100", "missing_lines": 0, "excluded_lines": 0, "percent_statements_covered": 100.0, "percent_statements_covered_display": "100"}, "missing_lines": [], "excluded_lines": [], "start_line": 1}}, "classes": {"CapacityExceeded": {"executed_lines": [17, 18, 19], "summary": {"covered_lines": 3, "num_statements": 3, "percent_covered": 100.0, "percent_covered_display": "100", "missing_lines": 0, "excluded_lines": 0, "percent_statements_covered": 100.0, "percent_statements_covered_display": "100"}, "missing_lines": [], "excluded_lines": [], "start_line": 13}, "_Lease": {"executed_lines": [26, 27, 28, 29, 32, 33, 34, 35, 36], "summary": {"covered_lines": 9, "num_statements": 11, "percent_covered": 81.81818181818181, "percent_covered_display": "82", "missing_lines": 2, "excluded_lines": 0, "percent_statements_covered": 81.81818181818181, "percent_statements_covered_display": "82"}, "missing_lines": [39, 42], "excluded_lines": [], "start_line": 22}, "TokenBudgets": {"executed_lines": [49, 50, 51, 52, 53, 54, 55, 59, 60, 61, 62, 63, 64, 67, 68, 72, 73, 74, 75, 76, 79, 80, 81, 82, 86, 87, 97, 98, 99, 100, 101, 102, 105, 106, 107, 108, 109, 110, 111, 112, 115, 116, 117, 118, 119, 120, 121, 123, 126, 127, 128, 129, 130, 131, 136, 137, 140, 141], "summary": {"covered_lines": 58, "num_statements": 59, "percent_covered": 98.30508474576271, "percent_covered_display": "98", "missing_lines": 1, "excluded_lines": 0, "percent_statements_covered": 98.30508474576271, "percent_statements_covered_display": "98"}, "missing_lines": [132], "excluded_lines": [], "start_line": 45}, "": {"executed_lines": [8, 10, 13, 16, 22, 25, 31, 38, 41, 45, 48, 58, 66, 71, 78, 84, 85, 90, 114, 125, 134, 135, 139, 144], "summary": {"covered_lines": 24, "num_statements": 24, "percent_covered": 100.0, "percent_covered_display": "100", "missing_lines": 0, "excluded_lines": 0, "percent_statements_covered": 100.0, "percent_statements_covered_display": "100"}, "missing_lines": [], "excluded_lines": [], "start_line": 1}}}, "src\\transport\\deploy.py": {"executed_lines": [8, 10, 11, 12, 13, 14, 16, 17, 18, 20, 23, 35, 36, 37, 39, 43, 44, 45, 46, 47, 49, 58, 59, 60, 61, 62, 65, 66, 67, 68, 69, 70, 72, 75, 79, 80, 81, 83, 84, 85, 86, 87, 88, 90, 91, 94, 95, 97, 100], "summary": {"covered_lines": 49, "num_statements": 54, "percent_covered": 90.74074074074075, "percent_covered_display": "91", "missing_lines": 5, "excluded_lines": 0, "percent_statements_covered": 90.74074074074075, "percent_statements_covered_display": "91"}, "missing_lines": [63, 64, 73, 92, 96], "excluded_lines": [], "functions": {"deploy_files": {"executed_lines": [35, 36, 37, 39, 43, 44, 45, 46, 47, 49, 58, 59, 60, 61, 62, 65, 66, 67, 68, 69, 70, 72, 75, 79, 80, 81, 83, 84, 85, 86, 87, 88, 90, 91, 94, 95, 97], "summary": {"covered_lines": 37, "num_statements": 42, "percent_covered": 88.0952380952381, "percent_covered_display": "88", "missing_lines": 5, "excluded_lines": 0, "percent_statements_covered": 88.0952380952381, "percent_statements_covered_display": "88"}, "missing_lines": [63, 64, 73, 92, 96], "excluded_lines": [], "start_line": 23}, "": {"executed_lines": [8, 10, 11, 12, 13, 14, 16, 17, 18, 20, 23, 100], "summary": {"covered_lines": 12, "num_statements": 12, "percent_covered": 100.0, "percent_covered_display": "100", "missing_lines": 0, "excluded_lines": 0, "percent_statements_covered": 100.0, "percent_statements_covered_display": "100"}, "missing_lines": [], "excluded_lines": [], "start_line": 1}}, "classes": {"": {"executed_lines": [8, 10, 11, 12, 13, 14, 16, 17, 18, 20, 23, 35, 36, 37, 39, 43, 44, 45, 46, 47, 49, 58, 59, 60, 61, 62, 65, 66, 67, 68, 69, 70, 72, 75, 79, 80, 81, 83, 84, 85, 86, 87, 88, 90, 91, 94, 95, 97, 100], "summary": {"covered_lines": 49, "num_statements": 54, "percent_covered": 90.74074074074075, "percent_covered_display": "91", "missing_lines": 5, "excluded_lines": 0, "percent_statements_covered": 90.74074074074075, "percent_statements_covered_display": "91"}, "missing_lines": [63, 64, 73, 92, 96], "excluded_lines": [], "start_line": 1}}}, "src\\transport\\middle.py": {"executed_lines": [6, 8, 9, 10, 11, 12, 13, 14, 15, 16, 17, 18, 19, 21, 29, 30, 31, 32, 33, 34, 35, 36, 37, 39, 41, 45, 48, 52, 54, 55, 56, 57, 58, 59, 60, 61, 62, 63, 64, 69, 71, 72, 73, 75, 76, 77, 78, 81, 82, 83, 84, 85, 86, 87, 88, 90, 93, 102, 103, 104, 107, 108, 111, 117, 119, 120, 125, 126, 127, 128, 129, 130, 132, 135, 144, 145, 146, 147, 148, 149, 150, 151, 152, 153, 154, 155, 156, 157, 158, 160, 161, 162, 164, 165, 166, 167, 168, 169, 171, 172, 173, 175, 176, 177, 179, 180, 182, 183, 195, 196, 197, 198, 199, 200, 201, 202, 204, 205, 206, 207, 208, 209, 210, 211, 213, 214, 215, 216, 217, 218, 219, 220, 221, 222, 223, 224, 225, 226, 227, 228, 229, 230, 234, 238, 239, 240, 242, 244, 245, 246, 247, 249, 250, 251, 252, 253, 254, 255, 256, 257, 258, 259, 261, 262, 263, 264, 265, 266, 267, 268, 271, 272, 273, 279, 280, 281, 282, 284, 285, 286, 287, 290, 291, 292, 293, 294, 295, 309, 310, 311, 314, 315, 316, 317, 322, 323, 324, 325, 326, 327, 328, 329, 330, 331, 332, 333, 334, 335, 336, 337, 338, 339, 340, 341, 342, 346, 348, 349, 350, 353, 354, 355, 356, 357, 358, 359, 360, 361, 362, 363, 364, 366, 368, 370, 371, 372, 373, 374, 375, 376, 377, 378, 379, 383, 385, 386, 387, 388, 389, 390, 391, 392, 393, 394, 395, 398, 399, 400, 406, 407, 408, 409, 410, 412, 413, 415, 416, 417, 421, 422, 423, 424, 425, 426, 427, 428, 429, 430, 431, 432, 436, 437, 438, 441, 443, 444, 445, 449, 450, 451, 455, 456, 457, 458, 463, 472, 473, 474, 476, 483, 485, 486, 487, 488, 489, 490, 492, 493, 494, 495, 497, 506, 507, 508, 509, 510, 511, 513, 515, 516, 517, 518, 519, 520, 522, 523, 524, 525, 526, 527, 528, 532, 533, 534, 535, 536, 537, 538, 539, 540, 541, 542, 543, 544, 548, 549, 550, 553, 557, 559, 560, 561, 562, 567, 568, 569, 570, 571, 572, 573, 576, 581, 584, 589, 590, 591, 593, 594, 595, 596, 597, 598, 599, 600, 601, 602, 603, 604, 605, 606, 607, 608, 609, 615, 616, 617, 623, 625, 626, 627, 633, 636, 637, 638, 639, 641, 643, 644, 645, 646, 647, 648, 649, 650, 651, 652, 653, 654, 658, 662, 663, 664, 665, 667, 669, 670, 671, 672, 673, 674, 675, 676, 677, 678, 679, 680, 684, 688, 689, 690, 691, 693, 697, 706, 707, 708, 711, 712, 713, 714, 715, 716, 720, 724, 726, 728, 730, 732, 733, 734, 735, 736, 737, 738, 739, 740, 741
[...]
0"}, "missing_lines": [], "excluded_lines": [], "start_line": 354}, "_replaceable_in_place": {"executed_lines": [367, 368, 369, 370, 374], "summary": {"covered_lines": 5, "num_statements": 8, "percent_covered": 62.5, "percent_covered_display": "62", "missing_lines": 3, "excluded_lines": 0, "percent_statements_covered": 62.5, "percent_statements_covered_display": "62"}, "missing_lines": [371, 372, 373], "excluded_lines": [], "start_line": 359}, "install_staged_item": {"executed_lines": [390, 391, 392, 393, 394, 395, 396, 397, 398, 399, 400, 402, 403, 404, 405, 406, 418, 419, 420, 421, 431, 432], "summary": {"covered_lines": 22, "num_statements": 31, "percent_covered": 70.96774193548387, "percent_covered_display": "71", "missing_lines": 9, "excluded_lines": 0, "percent_statements_covered": 70.96774193548387, "percent_statements_covered_display": "71"}, "missing_lines": [407, 408, 409, 410, 415, 416, 423, 424, 425], "excluded_lines": [], "start_line": 377}, "discard_stage": {"executed_lines": [437, 438], "summary": {"covered_lines": 2, "num_statements": 2, "percent_covered": 100.0, "percent_covered_display": "100", "missing_lines": 0, "excluded_lines": 0, "percent_statements_covered": 100.0, "percent_statements_covered_display": "100"}, "missing_lines": [], "excluded_lines": [], "start_line": 435}, "": {"executed_lines": [3, 5, 6, 7, 8, 9, 10, 11, 12, 13, 14, 15, 18, 21, 34, 35, 38, 39, 40, 41, 44, 45, 48, 49, 50, 51, 52, 53, 55, 62, 63, 66, 67, 68, 69, 72, 73, 76, 77, 78, 79, 80, 81, 84, 162, 220, 247, 312, 340, 354, 359, 377, 435], "summary": {"covered_lines": 53, "num_statements": 53, "percent_covered": 100.0, "percent_covered_display": "100", "missing_lines": 0, "excluded_lines": 0, "percent_statements_covered": 100.0, "percent_statements_covered_display": "100"}, "missing_lines": [], "excluded_lines": [], "start_line": 1}}, "classes": {"TarUploadPlan": {"executed_lines": [], "summary": {"covered_lines": 0, "num_statements": 0, "percent_covered": 100.0, "percent_covered_display": "100", "missing_lines": 0, "excluded_lines": 0, "percent_statements_covered": 100.0, "percent_statements_covered_display": "100"}, "missing_lines": [], "excluded_lines": [], "start_line": 35}, "TextUploadPlan": {"executed_lines": [57, 58, 59], "summary": {"covered_lines": 3, "num_statements": 3, "percent_covered": 100.0, "percent_covered_display": "100", "missing_lines": 0, "excluded_lines": 0, "percent_statements_covered": 100.0, "percent_statements_covered_display": "100"}, "missing_lines": [], "excluded_lines": [], "start_line": 45}, "FileDownloadPlan": {"executed_lines": [], "summary": {"covered_lines": 0, "num_statements": 0, "percent_covered": 100.0, "percent_covered_display": "100", "missing_lines": 0, "excluded_lines": 0, "percent_statements_covered": 100.0, "percent_statements_covered_display": "100"}, "missing_lines": [], "excluded_lines": [], "start_line": 63}, "TarDownloadPlan": {"executed_lines": [], "summary": {"covered_lines": 0, "num_statements": 0, "percent_covered": 100.0, "percent_covered_display": "100", "missing_lines": 0, "excluded_lines": 0, "percent_statements_covered": 100.0, "percent_statements_covered_display": "100"}, "missing_lines": [], "excluded_lines": [], "start_line": 73}, "": {"executed_lines": [3, 5, 6, 7, 8, 9, 10, 11, 12, 13, 14, 15, 18, 21, 30, 31, 34, 35, 38, 39, 40, 41, 44, 45, 48, 49, 50, 51, 52, 53, 55, 62, 63, 66, 67, 68, 69, 72, 73, 76, 77, 78, 79, 80, 81, 84, 90, 91, 92, 93, 94, 106, 107, 108, 117, 134, 135, 136, 141, 142, 143, 151, 159, 162, 163, 164, 165, 166, 217, 220, 222, 223, 224, 225, 226, 227, 228, 236, 237, 247, 254, 255, 256, 257, 258, 259, 260, 261, 262, 263, 264, 268, 269, 270, 271, 272, 273, 274, 275, 276, 277, 278, 279, 281, 282, 283, 287, 288, 296, 297, 309, 312, 318, 319, 320, 321, 323, 324, 329, 330, 340, 345, 346, 354, 356, 359, 367, 368, 369, 370, 374, 377, 390, 391, 392, 393, 394, 395, 396, 397, 398, 399, 400, 402, 403, 404, 405, 406, 418, 419, 420, 421, 431, 432, 435, 437, 438], "summary": {"covered_lines": 157, "num_statements": 170, "percent_covered": 92.3529411764706, "percent_covered_display": "92", "missing_lines": 13, "excluded_lines": 0, "percent_statements_covered": 92.3529411764706, "percent_statements_covered_display": "92"}, "missing_lines": [137, 371, 372, 373, 407, 408, 409, 410, 415, 416, 423, 424, 425], "excluded_lines": [], "start_line": 1}}}, "src\\transport\\tunnel.py": {"executed_lines": [9, 11, 12, 13, 14, 15, 16, 17, 19, 20, 21, 22, 23, 24, 25, 27, 30, 31, 34, 36, 38, 41, 44, 45, 46, 47, 49, 59, 60, 63, 64, 65, 66, 67, 71, 72, 73, 74, 75, 76, 77, 78, 82, 84, 85, 86, 87, 88, 89, 90, 91, 92, 93, 94, 95, 96, 97, 102, 103, 104, 106, 108, 109, 112, 113, 114, 116, 117, 118, 119, 120, 121, 123, 124, 130, 131, 132, 134, 135, 137, 138, 143, 144, 145, 147, 154, 155, 156, 157, 158, 159, 160, 161, 162, 163, 165, 172, 212, 213, 214, 217, 219, 221, 222, 223, 225, 226, 227, 229, 230, 231, 233, 234, 235, 239, 241, 242, 243, 256, 257, 258, 259, 260, 261, 262, 263, 265, 268, 269, 270, 278, 280, 281, 282, 283, 284, 286, 287, 288, 289, 290, 291, 292, 293, 294, 298, 304, 305, 306, 307, 308, 310, 311, 312, 313, 314, 315, 318, 319, 320, 321, 322, 328, 329, 330, 336, 338, 340, 341, 343, 345, 346, 347, 348, 349, 350, 351, 353, 357, 364, 365, 366, 367, 368, 369, 370, 371, 372, 373, 374, 375, 379, 382, 383, 387, 388, 389, 390, 392, 394, 401, 402, 403, 404, 405, 406, 407, 408, 409, 410, 411, 414, 417, 418, 419, 421, 423, 433, 434, 435, 436, 437, 443, 446, 447, 448, 449, 450, 455, 458], "summary": {"covered_lines": 230, "num_statements": 269, "percent_covered": 85.50185873605948, "percent_covered_display": "86", "missing_lines": 39, "excluded_lines": 0, "percent_statements_covered": 85.50185873605948, "percent_statements_covered_display": "86"}, "missing_lines": [37, 115, 122, 166, 167, 168, 170, 180, 181, 182, 183, 184, 185, 186, 187, 188, 189, 190, 193, 194, 195, 199, 200, 201, 205, 209, 210, 215, 220, 264, 266, 267, 275, 276, 277, 285, 323, 331, 438], "excluded_lines": [], "functions": {"_norm_host": {"executed_lines": [31], "summary": {"covered_lines": 1, "num_statements": 1, "percent_covered": 100.0, "percent_covered_display": "100", "missing_lines": 0, "excluded_lines": 0, "percent_statements_covered": 100.0, "percent_statements_covered_display": "100"}, "missing_lines": [], "excluded_lines": [], "start_line": 30}, "remote_root_path": {"executed_lines": [36, 38], "summary": {"covered_lines": 2, "num_statements": 3, "percent_covered": 66.66666666666667, "percent_covered_display": "67", "missing_lines": 1, "excluded_lines": 0, "percent_statements_covered": 66.66666666666667, "percent_statements_covered_display": "67"}, "missing_lines": [37], "excluded_lines": [], "start_line": 34}, "RemoteClient.__init__": {"executed_lines": [45, 46, 47, 49, 59, 60, 63, 64, 65, 66, 67, 71, 72, 73, 74, 75, 76, 77, 78], "summary": {"covered_lines": 19, "num_statements": 19, "percent_covered": 100.0, "percent_covered_display": "100", "missing_lines": 0, "excluded_lines": 0, "percent_statements_covered": 100.0, "percent_statements_covered_display": "100"}, "missing_lines": [], "excluded_lines": [], "start_line": 44}, "RemoteClient._runner": {"executed_lines": [84, 85, 86, 87, 88, 89, 90, 91, 92, 93, 94, 95, 96, 97, 102, 103, 104], "summary": {"covered_lines": 17, "num_statements": 17, "percent_covered": 100.0, "percent_covered_display": "100", "missing_lines": 0, "excluded_lines": 0, "percent_statements_covered": 100.0, "percent_statements_covered_display": "100"}, "missing_lines": [], "excluded_lines": [], "start_line": 82}, "RemoteClient._one_shot_runner": {"executed_lines": [108, 109, 112, 113, 114, 116, 117, 118, 119, 120, 121, 123, 124, 130, 131, 132], "summary": {"covered_lines": 16, "num_statements": 18, "percent_covered": 88.88888888888889, "percent_covered_display": "89", "missing_lines": 2, "excluded_lines": 0, "percent_statements_covered": 88.88888888888889, "percent_statements_covered_display": "89"}, "missing_lines": [115, 122], "excluded_lines": [], "start_line": 106}, "RemoteClient._channel_denial": {"executed_lines": [135], "summary": {"covered_lines": 1, "num_statements": 1, "percent_covered": 100.0, "percent_covered_display": "100", "missing_lines": 0, "excluded_lines": 0, "percent_statements_covered": 100.0, "percent_statements_covered_display": "100"}, "missing_lines": [], "excluded_lines": [], "start_line": 134}, "RemoteClient._acquire_channel": {"executed_lines": [138, 143, 144, 145], "summary": {"covered_lines": 4, "num_statements": 4, "percent_covered": 100.0, "percent_covered_display": "100", "missing_lines": 0, "excluded_lines": 0, "percent_statements_covered": 100.0, "percent_statements_covered_display": "100"}, "missing_lines": [], "excluded_lines": [], "start_line": 137}, "RemoteClient._acquire_command_channel": {"executed_lines": [154, 155, 156, 157, 158, 159, 160, 161, 162, 163], "summary": {"covered_lines": 10, "num_statements": 10, "percent_covered": 100.0, "percent_covered_display": "100", "missing_lines": 0, "excluded_lines": 0, "percent_statements_covered": 100.0, "percent_statements_covered_display": "100"}, "missing_lines": [], "excluded_lines": [], "start_line": 147}, "RemoteClient._run_internal_one_shot": {"executed_lines": [], "summary": {"covered_lines": 0, "num_statements": 4, "percent_covered": 0.0, "percent_covered_display": "0", "missing_lines": 4, "excluded_lines": 0, "percent_statements_covered": 0.0, "percent_statements_covered_display": "0"}, "missing_lines": [166, 167, 168, 170], "excluded_lines": [], "start_line": 165}, "RemoteClient.remote_home": {"executed_lines": [], "summary": {"covered_lines": 0, "num_statements": 20, "percent_covered": 0.0, "percent_covered_display": "0", "missing_lines": 20, "excluded_lines": 0, "percent_statements_covered": 0.0, "percent_statements_covered_display": "0"}, "missing_lines": [180, 181, 182, 183, 184, 185, 186, 187, 188, 189, 190, 193, 194, 195, 199, 200, 201, 205, 209, 210], "excluded_lines": [], "start_line": 172}, "RemoteClient.expanded_root": {"executed_lines": [213, 214], "summary": {"covered_lines": 2, "num_statements": 3, "percent_covered": 66.66666666666667, "percent_covered_display": "67", "missing_lines": 1, "excluded_lines": 0, "percent_statements_covered": 66.66666666666667, "percent_statements_covered_display": "67"}, "missing_lines": [215], "excluded_lines": [], "start_line": 212}, "RemoteClient.resolve_remote_path": {"executed_lines": [219, 221, 222, 223], "summary": {"covered_lines": 4, "num_statements": 5, "percent_covered": 80.0, "percent_covered_display": "80", "missing_lines": 1, "excluded_lines": 0, "percent_statements_covered": 80.0, "percent_statements_covered_display": "80"}, "missing_lines": [220], "excluded_lines": [], "start_line": 217}, "RemoteClient.skill_runner": {"executed_lines": [227], "summary": {"covered_lines": 1, "num_statements": 1, "percent_covered": 100.0, "percent_covered_display": "100", "missing_lines": 0, "excluded_lines": 0, "percent_statements_covered": 100.0, "percent_statements_covered_display": "100"}, "missing_lines": [], "excluded_lines": [], "start_line": 226}, "RemoteClient.command_runner": {"executed_lines": [231], "summary": {"covered_lines": 1, "num_statements": 1, "percent_covered": 100.0, "percent_covered_display": "100", "missing_lines": 0, "excluded_lines": 0, "percent_statements_covered": 100.0, "percent_statements_covered_display": "100"}, "missing_lines": [], "excluded_lines": [], "start_line": 230}, "RemoteClient.file_runner": {"executed_lines": [235], "summary": {"covered_lines": 1, "num_statements": 1, "percent_covered": 100.0, "percent_covered_display": "100", "missing_lines": 0, "excluded_lines": 0, "percent_statements_covered": 100.0, "percent_statements_covered_display": "100"}, "missing_lines": [], "excluded_lines": [], "start_line": 234}, "RemoteClient.deploy": {"executed_lines": [241, 242, 243], "summary": {"covered_lines": 3, "num_statements": 3, "percent_covered": 100.0, "percent_covered_display": "100", "missing_lines": 0, "excluded_lines": 0, "percent_statements_covered": 100.0, "percent_statements_covered_display": "100"}, "missing_lines": [], "excluded_lines": [], "start_line": 239}, "RemoteClient.ensure_tunnel": {"executed_lines": [257, 258, 259, 260, 261, 262, 263, 265, 268, 269, 270, 278], "summary": {"covered_lines": 12, "num_statements": 18, "percent_covered": 66.66666666666667, "percent_covered_display": "67", "missing_lines": 6, "excluded_lines": 0, "percent_statements_covered": 66.66666666666667, "percent_statements_covered_display": "67"}, "missing_lines": [264, 266, 267, 275, 276, 277], "excluded_lines": [], "start_line": 256}, "RemoteClient.close": {"executed_lines": [281, 282, 283, 284, 286, 287, 288, 289, 290, 291, 292, 293, 294], "summary": {"covered_lines": 13, "num_statements": 14, "percent_covered": 92.85714285714286, "percent_covered_display": "93", "missing_lines": 1, "excluded_lines": 0, "percent_statements_covered": 92.85714285714286, "percent_statements_covered_display": "93"}, "missing_lines": [285], "excluded_lines": [], "start_line": 280}, "RemoteClient.run_command": {"executed_lines": [304, 305, 306, 307, 308, 310, 311, 312, 313, 314, 315, 318, 319, 320, 321, 322, 328, 329, 330, 336, 338, 340, 341], "summary": {"covered_lines": 23, "num_statements": 25, "percent_covered": 92.0, "percent_covered_display": "92", "missing_lines": 2, "excluded_lines": 0, "percent_statements_covered": 92.0, "percent_statements_covered_display": "92"}, "missing_lines": [323, 331], "excluded_lines": [], "start_line": 298}, "RemoteClient.run_one_shot": {"executed_lines": [345, 346, 347, 348, 349, 350, 351, 353], "summary": {"covered_lines": 8, "num_statements": 8, "percent_covered": 100.0, "percent_covered_display": "100", "missing_lines": 0, "excluded_lines": 0, "percent_statements_covered": 100.0, "percent_statements_covered_display": "100"}, "missing_lines": [], "excluded_lines": [], "start_line": 343}, "RemoteClient.upload_file": {"executed_lines": [364, 365, 366, 367, 368, 369, 370, 371, 372, 373, 374, 375, 379, 382, 383, 387, 388, 389, 390, 392], "summary": {"covered_lines": 20, "num_statements": 20, "percent_covered": 100.0, "percent_covered_display": "100", "missing_lines": 0, "excluded_lines": 0, "percent_statements_covered": 100.0, "percent_statements_covered_display": "100"}, "missing_lines": [], "excluded_lines": [], "start_line": 357}, "RemoteClient.download_file": {"executed_lines": [401, 402, 403, 404, 405, 406, 407, 408, 409, 410, 411, 414, 417, 418, 419, 421], "summary": {"covered_lines": 16, "num_statements": 16, "percent_covered": 100.0, "percent_covered_display": "100", "missing_lines": 0, "excluded_lines": 0, "percent_statements_covered": 100.0, "percent_statements_covered_display": "100"}, "missing_lines": [], "excluded_lines": [], "start_line": 394}, "RemoteClient._verify": {"executed_lines": [433, 434, 435, 436, 437, 443, 446, 447, 448, 449, 450, 455], "summary": {"covered_lines": 12, "num_statements": 13, "percent_covered": 92.3076923076923, "percent_covered_display": "92", "missing_lines": 1, "excluded_lines": 0, "percent_statements_covered": 92.3076923076923, "percent_statements_covered_display": "92"}, "missing_lines": [438], "excluded_lines": [], "start_line": 423}, "": {"executed_lines": [9, 11, 12, 13, 14, 15, 16, 17, 19, 20, 21, 22, 23, 24, 25, 27, 30, 34, 41, 44, 82, 106, 134, 137, 147, 165, 172, 212, 217, 225, 226, 229, 230, 233, 234, 239, 256, 280, 298, 343, 357, 394, 423, 458], "summary": {"covered_lines": 44, "num_statements": 44, "percent_covered": 100.0, "percent_covered_display": "100", "missing_lines": 0, "excluded_lines": 0, "percent_statements_covered": 100.0, "percent_statements_covered_display": "100"}, "missing_lines": [], "excluded_lines": [], "start_line": 1}}, "classes": {"RemoteClient": {"executed_lines": [45, 46, 47, 49, 59, 60, 63, 64, 65, 66, 67, 71, 72, 73, 74, 75, 76, 77, 78, 84, 85, 86, 87, 88, 89, 90, 91, 92, 93, 94, 95, 96, 97, 102, 103, 104, 108, 109, 112, 113, 114, 116, 117, 118, 119, 120, 121, 123, 124, 130, 131, 132, 135, 138, 143, 144, 145, 154, 155, 156, 157, 158, 159, 160, 161, 162, 163, 213, 214, 219, 221, 222, 223, 227, 231, 235, 241, 242, 243, 257, 258, 259, 260, 261, 262, 263, 265, 268, 269, 270, 278, 281, 282, 283, 284, 286, 287, 288, 289, 290, 291, 292, 293, 294, 304, 305, 306, 307, 308, 310, 311, 312, 313, 314, 315, 318, 319, 320, 321, 322, 328, 329, 330, 336, 338, 340, 341, 345, 346, 347, 348, 349, 350, 351, 353, 364, 365, 366, 367, 368, 369, 370, 371, 372, 373, 374, 375, 379, 382, 383, 387, 388, 389, 390, 392, 401, 402, 403, 404, 405, 406, 407, 408, 409, 410, 411, 414, 417, 418, 419, 421, 433, 434, 435, 436, 437, 443, 446, 447, 448, 449, 450, 455], "summary": {"covered_lines": 183, "num_statements": 221, "percent_covered": 82.8054298642534, "percent_covered_display": "83", "missing_lines": 38, "excluded_lines": 0, "percent_statements_covered": 82.8054298642534, "percent_statements_covered_display": "83"}, "missing_lines": [115, 122, 166, 167, 168, 170, 180, 181, 182, 183, 184, 185, 186, 187, 188, 189, 190, 193, 194, 195, 199, 200, 201, 205, 209, 210, 215, 220, 264, 266, 267, 275, 276, 277, 285, 323, 331, 438], "excluded_lines": [], "start_line": 41}, "": {"executed_lines": [9, 11, 12, 13, 14, 15, 16, 17, 19, 20, 21, 22, 23, 24, 25, 27, 30, 31, 34, 36, 38, 41, 44, 82, 106, 134, 137, 147, 165, 172, 212, 217, 225, 226, 229, 230, 233, 234, 239, 256, 280, 298, 343, 357, 394, 423, 458], "summary": {"covered_lines": 47, "num_statements": 48, "percent_covered": 97.91666666666667, "percent_covered_display": "98", "missing_lines": 1, "excluded_lines": 0, "percent_statements_covered": 97.91666666666667, "percent_statements_covered_display": "98"}, "missing_lines": [37], "excluded_lines": [], "start_line": 1}}}, "src\\transport\\validation.py": {"executed_lines": [2, 4, 6, 7, 8, 11, 13, 14, 15, 16, 17, 18, 19, 20, 21, 24, 26, 27, 28, 29, 32], "summary": {"covered_lines": 21, "num_statements": 21, "percent_covered": 100.0, "percent_covered_display": "100", "missing_lines": 0, "excluded_lines": 0, "percent_statements_covered": 100.0, "percent_statements_covered_display": "100"}, "missing_lines": [], "excluded_lines": [], "functions": {"validate_user_name": {"executed_lines": [13, 14, 15, 16, 17, 18, 19, 20, 21], "summary": {"covered_lines": 9, "num_statements": 9, "percent_covered": 100.0, "percent_covered_display": "100", "missing_lines": 0, "excluded_lines": 0, "percent_statements_covered": 100.0, "percent_statements_covered_display": "100"}, "missing_lines": [], "excluded_lines": [], "start_line": 11}, "validate_token": {"executed_lines": [26, 27, 28, 29], "summary": {"covered_lines": 4, "num_statements": 4, "percent_covered": 100.0, "percent_covered_display": "100", "missing_lines": 0, "excluded_lines": 0, "percent_statements_covered": 100.0, "percent_statements_covered_display": "100"}, "missing_lines": [], "excluded_lines": [], "start_line": 24}, "": {"executed_lines": [2, 4, 6, 7, 8, 11, 24, 32], "summary": {"covered_lines": 8, "num_statements": 8, "percent_covered": 100.0, "percent_covered_display": "100", "missing_lines": 0, "excluded_lines": 0, "percent_statements_covered": 100.0, "percent_statements_covered_display": "100"}, "missing_lines": [], "excluded_lines": [], "start_line": 1}}, "classes": {"": {"executed_lines": [2, 4, 6, 7, 8, 11, 13, 14, 15, 16, 17, 18, 19, 20, 21, 24, 26, 27, 28, 29, 32], "summary": {"covered_lines": 21, "num_statements": 21, "percent_covered": 100.0, "percent_covered_display": "100", "missing_lines": 0, "excluded_lines": 0, "percent_statements_covered": 100.0, "percent_statements_covered_display": "100"}, "missing_lines": [], "excluded_lines": [], "start_line": 1}}}}, "totals": {"covered_lines": 4938, "num_statements": 6009, "percent_covered": 82.17673489765352, "percent_covered_display": "82", "missing_lines": 1071, "excluded_lines": 52, "percent_statements_covered": 82.17673489765352, "percent_statements_covered_display": "82"}}